Arguments: 
  C:\Program Files\nodejs\node.exe C:\Users\admin\AppData\Roaming\npm\node_modules\yarn\bin\yarn.js add vue3-strongly-recommended -D

PATH: 
  C:\Program Files (x86)\Common Files\Oracle\Java\javapath;C:\Windows\system32;C:\Windows;C:\Windows\System32\Wbem;C:\Windows\System32\WindowsPowerShell\v1.0\;C:\WINDOWS\system32;C:\WINDOWS;C:\WINDOWS\System32\Wbem;C:\WINDOWS\System32\WindowsPowerShell\v1.0\;C:\Program Files (x86)\NVIDIA Corporation\PhysX\Common;C:\WINDOWS\system32;C:\WINDOWS;C:\WINDOWS\System32\Wbem;C:\WINDOWS\System32\WindowsPowerShell\v1.0\;C:\WINDOWS\System32\OpenSSH\;C:\Program Files\NVIDIA Corporation\NVIDIA NvDLISR;C:\Program Files\nodejs\;C:\ProgramData\chocolatey\bin;C:\Program Files\Git\cmd;C:\Program Files\Docker\Docker\resources\bin;C:\ProgramData\DockerDesktop\version-bin;C:\Users\admin\AppData\Local\Programs\Python\Python39\Scripts\;C:\Users\admin\AppData\Local\Programs\Python\Python39\;C:\Users\admin\AppData\Local\Microsoft\WindowsApps;C:\Users\admin\AppData\Local\Programs\Microsoft VS Code\bin;C:\Users\admin\AppData\Roaming\npm

Yarn version: 
  1.22.11

Node version: 
  16.13.0

Platform: 
  win32 x64

Trace: 
  Error: https://registry.npmmirror.com/vue3-strongly-recommended: Not found
      at Request.params.callback [as _callback] (C:\Users\admin\AppData\Roaming\npm\node_modules\yarn\lib\cli.js:66992:18)
      at Request.self.callback (C:\Users\admin\AppData\Roaming\npm\node_modules\yarn\lib\cli.js:140763:22)
      at Request.emit (node:events:390:28)
      at Request.<anonymous> (C:\Users\admin\AppData\Roaming\npm\node_modules\yarn\lib\cli.js:141735:10)
      at Request.emit (node:events:390:28)
      at IncomingMessage.<anonymous> (C:\Users\admin\AppData\Roaming\npm\node_modules\yarn\lib\cli.js:141657:12)
      at Object.onceWrapper (node:events:509:28)
      at IncomingMessage.emit (node:events:402:35)
      at endReadableNT (node:internal/streams/readable:1343:12)
      at processTicksAndRejections (node:internal/process/task_queues:83:21)

npm manifest: 
  {
    "name": "vue3_vite_ts_base",
    "version": "0.0.0",
    "scripts": {
      "start-dev": "vite",
      "start-test": "vite --mode test",
      "start-prod": "vite --mode production",
      "build-dev": "vue-tsc --noEmit && vite build",
      "build-test": "vue-tsc --noEmit && vite build --mode test",
      "build-prod": "vue-tsc --noEmit && vite build --mode production",
      "serve": "vite preview",
      "lint": "eslint src/**/*.{js,jsx,vue,ts,tsx} --fix" 
    },
    "dependencies": {
      "axios": "^0.24.0",
      "element-plus": "^1.2.0-beta.4",
      "sass": "^1.43.5",
      "stylus": "^0.55.0",
      "stylus-loader": "^6.2.0",
      "unplugin-vue-components": "^0.17.2",
      "vue": "^3.2.16",
      "vue-router": "4"
    },
    "devDependencies": {
      "@vitejs/plugin-vue": "^1.9.3",
      "eslint": "^8.3.0",
      "typescript": "^4.4.3",
      "vite": "^2.6.4",
      "vue-tsc": "^0.3.0"
    }
  }

yarn manifest: 
  No manifest

Lockfile: 
  # THIS IS AN AUTOGENERATED FILE. DO NOT EDIT THIS FILE DIRECTLY.
  # yarn lockfile v1
  
  
  "@antfu/utils@^0.3.0":
    version "0.3.0"
    resolved "https://registry.npmmirror.com/@antfu/utils/download/@antfu/utils-0.3.0.tgz"
    integrity sha1-YwbEO1Kog72Olz4+2N1kJIQYvMQ=
    dependencies:
      "@types/throttle-debounce" "^2.1.0"
  
  "@babel/helper-validator-identifier@^7.15.7":
    version "7.15.7"
    resolved "https://registry.npmmirror.com/@babel/helper-validator-identifier/download/@babel/helper-validator-identifier-7.15.7.tgz"
    integrity sha1-Ig35k7/pBKSmsCq08zhaXr9uI4k=
  
  "@babel/parser@^7.15.0", "@babel/parser@^7.6.0", "@babel/parser@^7.9.6":
    version "7.16.4"
    resolved "https://registry.npmmirror.com/@babel/parser/download/@babel/parser-7.16.4.tgz"
    integrity sha512-6V0qdPUaiVHH3RtZeLIsc+6pDhbYzHR8ogA8w+f+Wc77DuXto19g2QUwveINoS34Uw+W8/hQDGJCx+i4n7xcng==
  
  "@babel/types@^7.6.1", "@babel/types@^7.9.6":
    version "7.16.0"
    resolved "https://registry.npmmirror.com/@babel/types/download/@babel/types-7.16.0.tgz?cache=0&sync_timestamp=1635561064249&other_urls=https%3A%2F%2Fregistry.npmmirror.com%2F%40babel%2Ftypes%2Fdownload%2F%40babel%2Ftypes-7.16.0.tgz"
    integrity sha1-2zsxOAT5aq3Qt3bEgj4SetZyibo=
    dependencies:
      "@babel/helper-validator-identifier" "^7.15.7"
      to-fast-properties "^2.0.0"
  
  "@element-plus/icons@^0.0.11":
    version "0.0.11"
    resolved "https://registry.npmmirror.com/@element-plus/icons/download/@element-plus/icons-0.0.11.tgz"
    integrity sha1-mxh8ACd0VIuRGFDRf6X8L5pRX1c=
  
  "@emmetio/abbreviation@^2.2.2":
    version "2.2.2"
    resolved "https://registry.npmmirror.com/@emmetio/abbreviation/download/@emmetio/abbreviation-2.2.2.tgz"
    integrity sha1-dGdi/Z56jC6mBPWAxi48/iUOaYk=
    dependencies:
      "@emmetio/scanner" "^1.0.0"
  
  "@emmetio/css-abbreviation@^2.1.4":
    version "2.1.4"
    resolved "https://registry.npmmirror.com/@emmetio/css-abbreviation/download/@emmetio/css-abbreviation-2.1.4.tgz"
    integrity sha1-kDYuihEizjt29sMVeQfTAYL1P1Q=
    dependencies:
      "@emmetio/scanner" "^1.0.0"
  
  "@emmetio/scanner@^1.0.0":
    version "1.0.0"
    resolved "https://registry.npmmirror.com/@emmetio/scanner/download/@emmetio/scanner-1.0.0.tgz"
    integrity sha1-Blsq9iM/50dNRII+PeuJckr0K18=
  
  "@eslint/eslintrc@^1.0.4":
    version "1.0.4"
    resolved "https://registry.npmmirror.com/@eslint/eslintrc/download/@eslint/eslintrc-1.0.4.tgz#dfe0ff7ba270848d10c5add0715e04964c034b31"
    integrity sha1-3+D/e6JwhI0Qxa3QcV4ElkwDSzE=
    dependencies:
      ajv "^6.12.4"
      debug "^4.3.2"
      espree "^9.0.0"
      globals "^13.9.0"
      ignore "^4.0.6"
      import-fresh "^3.2.1"
      js-yaml "^4.1.0"
      minimatch "^3.0.4"
      strip-json-comments "^3.1.1"
  
  "@humanwhocodes/config-array@^0.6.0":
    version "0.6.0"
    resolved "https://registry.npmmirror.com/@humanwhocodes/config-array/download/@humanwhocodes/config-array-0.6.0.tgz#b5621fdb3b32309d2d16575456cbc277fa8f021a"
    integrity sha1-tWIf2zsyMJ0tFldUVsvCd/qPAho=
    dependencies:
      "@humanwhocodes/object-schema" "^1.2.0"
      debug "^4.1.1"
      minimatch "^3.0.4"
  
  "@humanwhocodes/object-schema@^1.2.0":
    version "1.2.1"
    resolved "https://registry.npmmirror.com/@humanwhocodes/object-schema/download/@humanwhocodes/object-schema-1.2.1.tgz"
    integrity sha1-tSBSnsIdjllFoYUd/Rwy6U45/0U=
  
  "@nodelib/fs.scandir@2.1.5":
    version "2.1.5"
    resolved "https://registry.npmmirror.com/@nodelib/fs.scandir/download/@nodelib/fs.scandir-2.1.5.tgz"
    integrity sha1-dhnC6yGyVIP20WdUi0z9WnSIw9U=
    dependencies:
      "@nodelib/fs.stat" "2.0.5"
      run-parallel "^1.1.9"
  
  "@nodelib/fs.stat@2.0.5", "@nodelib/fs.stat@^2.0.2":
    version "2.0.5"
    resolved "https://registry.npmmirror.com/@nodelib/fs.stat/download/@nodelib/fs.stat-2.0.5.tgz"
    integrity sha1-W9Jir5Tp0lvR5xsF3u1Eh2oiLos=
  
  "@nodelib/fs.walk@^1.2.3":
    version "1.2.8"
    resolved "https://registry.npmmirror.com/@nodelib/fs.walk/download/@nodelib/fs.walk-1.2.8.tgz"
    integrity sha1-6Vc36LtnRt3t9pxVaVNJTxlv5po=
    dependencies:
      "@nodelib/fs.scandir" "2.1.5"
      fastq "^1.6.0"
  
  "@popperjs/core@^2.10.2":
    version "2.11.0"
    resolved "https://registry.npmmirror.com/@popperjs/core/download/@popperjs/core-2.11.0.tgz"
    integrity sha512-zrsUxjLOKAzdewIDRWy9nsV1GQsKBCWaGwsZQlCgr6/q+vjyZhFgqedLfFBuI9anTPEUT4APq9Mu0SZBTzIcGQ==
  
  "@rollup/pluginutils@^4.1.1":
    version "4.1.1"
    resolved "https://registry.npmmirror.com/@rollup/pluginutils/download/@rollup/pluginutils-4.1.1.tgz"
    integrity sha1-HU2obdTt7RVlalfZM/2iuaCNR+w=
    dependencies:
      estree-walker "^2.0.1"
      picomatch "^2.2.2"
  
  "@types/throttle-debounce@^2.1.0":
    version "2.1.0"
    resolved "https://registry.npmmirror.com/@types/throttle-debounce/download/@types/throttle-debounce-2.1.0.tgz"
    integrity sha1-HD32JL/Eti+ZLTASuExW1B6rN3Y=
  
  "@vitejs/plugin-vue@^1.9.3":
    version "1.10.1"
    resolved "https://registry.npmmirror.com/@vitejs/plugin-vue/download/@vitejs/plugin-vue-1.10.1.tgz"
    integrity sha512-oL76QETMSpVE9jIScirGB2bYJEVU/+r+g+K7oG+sXPs9TZljqveoVRsmLyXlMZTjpQkLL8gz527cW80NMGVKJg==
  
  "@volar/code-gen@^0.27.24":
    version "0.27.24"
    resolved "https://registry.npmmirror.com/@volar/code-gen/download/@volar/code-gen-0.27.24.tgz"
    integrity sha1-zNvoWJUcHuTgw5eSMtUkEtxGdWo=
    dependencies:
      "@volar/shared" "^0.27.24"
      "@volar/source-map" "^0.27.24"
  
  "@volar/html2pug@^0.27.13":
    version "0.27.13"
    resolved "https://registry.npmmirror.com/@volar/html2pug/download/@volar/html2pug-0.27.13.tgz?cache=0&sync_timestamp=1637495572334&other_urls=https%3A%2F%2Fregistry.npmmirror.com%2F%40volar%2Fhtml2pug%2Fdownload%2F%40volar%2Fhtml2pug-0.27.13.tgz"
    integrity sha1-SN+nPs8e8ZVaAqBG0MiIRZUPrIU=
    dependencies:
      domelementtype "^2.2.0"
      domhandler "^4.2.0"
      htmlparser2 "^6.1.0"
      pug "^3.0.2"
  
  "@volar/shared@^0.27.24":
    version "0.27.24"
    resolved "https://registry.npmmirror.com/@volar/shared/download/@volar/shared-0.27.24.tgz?cache=0&sync_timestamp=1637495572812&other_urls=https%3A%2F%2Fregistry.npmmirror.com%2F%40volar%2Fshared%2Fdownload%2F%40volar%2Fshared-0.27.24.tgz"
    integrity sha1-ozRX7IrAsNNn7VTJ4hkTpfjC1sI=
    dependencies:
      upath "^2.0.1"
      vscode-jsonrpc "^8.0.0-next.2"
      vscode-uri "^3.0.2"
  
  "@volar/source-map@^0.27.24":
    version "0.27.24"
    resolved "https://registry.npmmirror.com/@volar/source-map/download/@volar/source-map-0.27.24.tgz?cache=0&sync_timestamp=1637495573645&other_urls=https%3A%2F%2Fregistry.npmmirror.com%2F%40volar%2Fsource-map%2Fdownload%2F%40volar%2Fsource-map-0.27.24.tgz"
    integrity sha1-YPLgcMFpvoLL9/+ilqMMKCPFIF8=
    dependencies:
      "@volar/shared" "^0.27.24"
  
  "@volar/transforms@^0.27.24":
    version "0.27.24"
    resolved "https://registry.npmmirror.com/@volar/transforms/download/@volar/transforms-0.27.24.tgz?cache=0&sync_timestamp=1637495573312&other_urls=https%3A%2F%2Fregistry.npmmirror.com%2F%40volar%2Ftransforms%2Fdownload%2F%40volar%2Ftransforms-0.27.24.tgz"
    integrity sha1-aOvFPcouNohOJHwIZuw9JO2BV4Q=
    dependencies:
      "@volar/shared" "^0.27.24"
      vscode-languageserver "^8.0.0-next.2"
  
  "@vscode/emmet-helper@^2.7.0":
    version "2.8.2"
    resolved "https://registry.npmmirror.com/@vscode/emmet-helper/download/@vscode/emmet-helper-2.8.2.tgz"
    integrity sha1-myzk/dYs8/2kXPivZ8ASz85V7ck=
    dependencies:
      emmet "^2.3.0"
      jsonc-parser "^2.3.0"
      vscode-languageserver-textdocument "^1.0.1"
      vscode-languageserver-types "^3.15.1"
      vscode-nls "^5.0.0"
      vscode-uri "^2.1.2"
  
  "@vue/compiler-core@3.2.23":
    version "3.2.23"
    resolved "https://registry.npmmirror.com/@vue/compiler-core/download/@vue/compiler-core-3.2.23.tgz"
    integrity sha512-4ZhiI/orx+7EJ1B+0zjgvXMV2uRN+XBfG06UN2sJfND9rH5gtEQT3QmO4erum1o6Irl7y754W8/KSaDJh4EUQg==
    dependencies:
      "@babel/parser" "^7.15.0"
      "@vue/shared" "3.2.23"
      estree-walker "^2.0.2"
      source-map "^0.6.1"
  
  "@vue/compiler-dom@3.2.23", "@vue/compiler-dom@^3.2.19":
    version "3.2.23"
    resolved "https://registry.npmmirror.com/@vue/compiler-dom/download/@vue/compiler-dom-3.2.23.tgz"
    integrity sha512-X2Nw8QFc5lgoK3kio5ktM95nqmLUH+q+N/PbV4kCHzF1avqv/EGLnAhaaF0Iu4bewNvHJAAhhwPZFeoV/22nbw==
    dependencies:
      "@vue/compiler-core" "3.2.23"
      "@vue/shared" "3.2.23"
  
  "@vue/compiler-sfc@3.2.23":
    version "3.2.23"
    resolved "https://registry.npmmirror.com/@vue/compiler-sfc/download/@vue/compiler-sfc-3.2.23.tgz"
    integrity sha512-Aw+pb50Q5zTjyvWod8mNKmYZDRGHJBptmNNWE+84ZxrzEztPgMz8cNYIzWGbwcFVkmJlhvioAMvKnB+LM/sjSA==
    dependencies:
      "@babel/parser" "^7.15.0"
      "@vue/compiler-core" "3.2.23"
      "@vue/compiler-dom" "3.2.23"
      "@vue/compiler-ssr" "3.2.23"
      "@vue/ref-transform" "3.2.23"
      "@vue/shared" "3.2.23"
      estree-walker "^2.0.2"
      magic-string "^0.25.7"
      postcss "^8.1.10"
      source-map "^0.6.1"
  
  "@vue/compiler-ssr@3.2.23":
    version "3.2.23"
    resolved "https://registry.npmmirror.com/@vue/compiler-ssr/download/@vue/compiler-ssr-3.2.23.tgz"
    integrity sha512-Bqzn4jFyXPK1Ehqiq7e/czS8n62gtYF1Zfeu0DrR5uv+SBllh7LIvZjZU6+c8qbocAd3/T3I3gn2cZGmnDb6zg==
    dependencies:
      "@vue/compiler-dom" "3.2.23"
      "@vue/shared" "3.2.23"
  
  "@vue/devtools-api@^6.0.0-beta.18":
    version "6.0.0-beta.20.1"
    resolved "https://registry.npmmirror.com/@vue/devtools-api/download/@vue/devtools-api-6.0.0-beta.20.1.tgz"
    integrity sha512-R2rfiRY+kZugzWh9ZyITaovx+jpU4vgivAEAiz80kvh3yviiTU3CBuGuyWpSwGz9/C7TkSWVM/FtQRGlZ16n8Q==
  
  "@vue/reactivity@3.2.23", "@vue/reactivity@^3.2.19":
    version "3.2.23"
    resolved "https://registry.npmmirror.com/@vue/reactivity/download/@vue/reactivity-3.2.23.tgz"
    integrity sha512-8RGVr/5Kpgb/EkCjgHXqttgA5IMc6n0lIXFY4TVbMkzdXrvaIhzBd7Te44oIDsTSYVKZLpfHd6/wEnuDqE8vFw==
    dependencies:
      "@vue/shared" "3.2.23"
  
  "@vue/ref-transform@3.2.23":
    version "3.2.23"
    resolved "https://registry.npmmirror.com/@vue/ref-transform/download/@vue/ref-transform-3.2.23.tgz"
    integrity sha512-gW0GD2PSAs/th7mC7tPB/UwpIQxclbApVtsDtscDmOJXb2+cdu60ny+SuHNgfrlUT/JqWKQHq7jFKO4woxLNaA==
    dependencies:
      "@babel/parser" "^7.15.0"
      "@vue/compiler-core" "3.2.23"
      "@vue/shared" "3.2.23"
      estree-walker "^2.0.2"
      magic-string "^0.25.7"
  
  "@vue/runtime-core@3.2.23":
    version "3.2.23"
    resolved "https://registry.npmmirror.com/@vue/runtime-core/download/@vue/runtime-core-3.2.23.tgz"
    integrity sha512-wSI5lmY2kCGLf89iiygqxVh6/5bsawz78Me9n1x4U2bHnN0yf3PWyuhN0WgIE8VfEaF7e75E333uboNEIFjgkg==
    dependencies:
      "@vue/reactivity" "3.2.23"
      "@vue/shared" "3.2.23"
  
  "@vue/runtime-dom@3.2.23":
    version "3.2.23"
    resolved "https://registry.npmmirror.com/@vue/runtime-dom/download/@vue/runtime-dom-3.2.23.tgz"
    integrity sha512-z6lp0888NkLmxD9j2sGoll8Kb7J743s8s6w7GbiyUc4WZwm0KJ35B4qTFDMoIU0G7CatS6Z+yRTpPHc6srtByg==
    dependencies:
      "@vue/runtime-core" "3.2.23"
      "@vue/shared" "3.2.23"
      csstype "^2.6.8"
  
  "@vue/server-renderer@3.2.23":
    version "3.2.23"
    resolved "https://registry.npmmirror.com/@vue/server-renderer/download/@vue/server-renderer-3.2.23.tgz"
    integrity sha512-mgQ2VAE5WjeZELJKNbwE69uiBNpN+3LyL0ZDki1bJWVwHD2fhPfx7pwyYuiucE81xz2LxVsyGxhKKUL997g8vw==
    dependencies:
      "@vue/compiler-ssr" "3.2.23"
      "@vue/shared" "3.2.23"
  
  "@vue/shared@3.2.23", "@vue/shared@^3.2.19":
    version "3.2.23"
    resolved "https://registry.npmmirror.com/@vue/shared/download/@vue/shared-3.2.23.tgz"
    integrity sha512-U+/Jefa0QfXUF2qVy9Dqlrb6HKJSr9/wJcM66wXmWcTOoqg7hOWzF4qruDle51pyF4x3wMn6TSH54UdjKjCKMA==
  
  "@vueuse/core@^7.0.0":
    version "7.1.2"
    resolved "https://registry.npmmirror.com/@vueuse/core/download/@vueuse/core-7.1.2.tgz"
    integrity sha512-SLoOPfhZdNRNUkZfx+wrHj6WycWdSw2RmNS8E4ngQ2kmBoJjRarGy51/GkGdjqHQqmhuwuFoNO2WaU0yBn3ffg==
    dependencies:
      "@vueuse/shared" "7.1.2"
      vue-demi "*"
  
  "@vueuse/shared@7.1.2":
    version "7.1.2"
    resolved "https://registry.npmmirror.com/@vueuse/shared/download/@vueuse/shared-7.1.2.tgz"
    integrity sha512-AjYh4y9S5FMOoHDsysqcXY/1mpqNTrnWUD50yaaiyf+5kGWQVIpAkkjKZlYSC/NHKxxCRn0cLR4nWMzceUWewQ==
    dependencies:
      vue-demi "*"
  
  acorn-jsx@^5.3.1:
    version "5.3.2"
    resolved "https://registry.npmmirror.com/acorn-jsx/download/acorn-jsx-5.3.2.tgz"
    integrity sha1-ftW7VZCLOy8bxVxq8WU7rafweTc=
  
  acorn@^7.1.1:
    version "7.4.1"
    resolved "https://registry.npmmirror.com/acorn/download/acorn-7.4.1.tgz?cache=0&sync_timestamp=1637225522161&other_urls=https%3A%2F%2Fregistry.npmmirror.com%2Facorn%2Fdownload%2Facorn-7.4.1.tgz"
    integrity sha1-/q7SVZc9LndVW4PbwIhRpsY1IPo=
  
  acorn@^8.6.0:
    version "8.6.0"
    resolved "https://registry.npmmirror.com/acorn/download/acorn-8.6.0.tgz?cache=0&sync_timestamp=1637225522161&other_urls=https%3A%2F%2Fregistry.npmmirror.com%2Facorn%2Fdownload%2Facorn-8.6.0.tgz"
    integrity sha512-U1riIR+lBSNi3IbxtaHOIKdH8sLFv3NYfNv8sg7ZsNhcfl4HF2++BfqqrNAxoCLQW1iiylOj76ecnaUxz+z9yw==
  
  ajv@^6.10.0, ajv@^6.12.4:
    version "6.12.6"
    resolved "https://registry.npmmirror.com/ajv/download/ajv-6.12.6.tgz?cache=0&sync_timestamp=1637522517361&other_urls=https%3A%2F%2Fregistry.npmmirror.com%2Fajv%2Fdownload%2Fajv-6.12.6.tgz"
    integrity sha1-uvWmLoArB9l3A0WG+MO69a3ybfQ=
    dependencies:
      fast-deep-equal "^3.1.1"
      fast-json-stable-stringify "^2.0.0"
      json-schema-traverse "^0.4.1"
      uri-js "^4.2.2"
  
  ansi-colors@^4.1.1:
    version "4.1.1"
    resolved "https://registry.npmmirror.com/ansi-colors/download/ansi-colors-4.1.1.tgz"
    integrity sha1-y7muJWv3UK8eqzRPIpqif+lLo0g=
  
  ansi-regex@^5.0.1:
    version "5.0.1"
    resolved "https://registry.npmmirror.com/ansi-regex/download/ansi-regex-5.0.1.tgz"
    integrity sha1-CCyyyJyf6GWaMRpTvWpNxTAdswQ=
  
  ansi-styles@^4.1.0:
    version "4.3.0"
    resolved "https://registry.npmmirror.com/ansi-styles/download/ansi-styles-4.3.0.tgz?cache=0&sync_timestamp=1632467368382&other_urls=https%3A%2F%2Fregistry.npmmirror.com%2Fansi-styles%2Fdownload%2Fansi-styles-4.3.0.tgz"
    integrity sha1-7dgDYornHATIWuegkG7a00tkiTc=
    dependencies:
      color-convert "^2.0.1"
  
  anymatch@~3.1.2:
    version "3.1.2"
    resolved "https://registry.npmmirror.com/anymatch/download/anymatch-3.1.2.tgz"
    integrity sha1-wFV8CWrzLxBhmPT04qODU343hxY=
    dependencies:
      normalize-path "^3.0.0"
      picomatch "^2.0.4"
  
  argparse@^2.0.1:
    version "2.0.1"
    resolved "https://registry.npmmirror.com/argparse/download/argparse-2.0.1.tgz#246f50f3ca78a3240f6c997e8a9bd1eac49e4b38"
    integrity sha1-JG9Q88p4oyQPbJl+ipvR6sSeSzg=
  
  asap@~2.0.3:
    version "2.0.6"
    resolved "https://registry.npmmirror.com/asap/download/asap-2.0.6.tgz"
    integrity sha1-5QNHYR1+aQlDIIu9r+vLwvuGbUY=
  
  assert-never@^1.2.1:
    version "1.2.1"
    resolved "https://registry.npmmirror.com/assert-never/download/assert-never-1.2.1.tgz"
    integrity sha1-EfDjY78UYgX7CBk7XHuQ9NHPRP4=
  
  async-validator@^4.0.7:
    version "4.0.7"
    resolved "https://registry.npmmirror.com/async-validator/download/async-validator-4.0.7.tgz"
    integrity sha1-A0oP0hA6ay6/AQ2nUYO+wpkkev4=
  
  atob@^2.1.2:
    version "2.1.2"
    resolved "https://registry.npmmirror.com/atob/download/atob-2.1.2.tgz"
    integrity sha1-bZUX654DDSQ2ZmZR6GvZ9vE1M8k=
  
  axios@^0.24.0:
    version "0.24.0"
    resolved "https://registry.npmmirror.com/axios/download/axios-0.24.0.tgz"
    integrity sha1-gE5voeS5xSiFAd2d/1anoJQNINY=
    dependencies:
      follow-redirects "^1.14.4"
  
  babel-walk@3.0.0-canary-5:
    version "3.0.0-canary-5"
    resolved "https://registry.npmmirror.com/babel-walk/download/babel-walk-3.0.0-canary-5.tgz"
    integrity sha1-9m7Ncpg1eu5ElV8jWm71QhkQSxE=
    dependencies:
      "@babel/types" "^7.9.6"
  
  balanced-match@^1.0.0:
    version "1.0.2"
    resolved "https://registry.npmmirror.com/balanced-match/download/balanced-match-1.0.2.tgz"
    integrity sha1-6D46fj8wCzTLnYf2FfoMvzV2kO4=
  
  binary-extensions@^2.0.0:
    version "2.2.0"
    resolved "https://registry.npmmirror.com/binary-extensions/download/binary-extensions-2.2.0.tgz"
    integrity sha1-dfUC7q+f/eQvyYgpZFvk6na9ni0=
  
  brace-expansion@^1.1.7:
    version "1.1.11"
    resolved "https://registry.npmmirror.com/brace-expansion/download/brace-expansion-1.1.11.tgz"
    integrity sha1-PH/L9SnYcibz0vUrlm/1Jx60Qd0=
    dependencies:
      balanced-match "^1.0.0"
      concat-map "0.0.1"
  
  braces@^3.0.1, braces@~3.0.2:
    version "3.0.2"
    resolved "https://registry.npmmirror.com/braces/download/braces-3.0.2.tgz"
    integrity sha1-NFThpGLujVmeI23zNs2epPiv4Qc=
    dependencies:
      fill-range "^7.0.1"
  
  builtins@^4.0.0:
    version "4.0.0"
    resolved "https://registry.npmmirror.com/builtins/download/builtins-4.0.0.tgz"
    integrity sha1-qDRUIN6CBo/cTWVZ0EVkA6j7GQU=
    dependencies:
      semver "^7.0.0"
  
  call-bind@^1.0.2:
    version "1.0.2"
    resolved "https://registry.npmmirror.com/call-bind/download/call-bind-1.0.2.tgz"
    integrity sha1-sdTonmiBGcPJqQOtMKuy9qkZvjw=
    dependencies:
      function-bind "^1.1.1"
      get-intrinsic "^1.0.2"
  
  callsites@^3.0.0:
    version "3.1.0"
    resolved "https://registry.npmmirror.com/callsites/download/callsites-3.1.0.tgz"
    integrity sha1-s2MKvYlDQy9Us/BRkjjjPNffL3M=
  
  chalk@^4.0.0:
    version "4.1.2"
    resolved "https://registry.npmmirror.com/chalk/download/chalk-4.1.2.tgz"
    integrity sha1-qsTit3NKdAhnrrFr8CqtVWoeegE=
    dependencies:
      ansi-styles "^4.1.0"
      supports-color "^7.1.0"
  
  character-parser@^2.2.0:
    version "2.2.0"
    resolved "https://registry.npmmirror.com/character-parser/download/character-parser-2.2.0.tgz"
    integrity sha1-x84o821LzZdE5f/CxfzeHHMmH8A=
    dependencies:
      is-regex "^1.0.3"
  
  "chokidar@>=3.0.0 <4.0.0", chokidar@^3.5.2:
    version "3.5.2"
    resolved "https://registry.npmmirror.com/chokidar/download/chokidar-3.5.2.tgz"
    integrity sha1-26OXb8rbAW9m/TZQIdkWANAcHnU=
    dependencies:
      anymatch "~3.1.2"
      braces "~3.0.2"
      glob-parent "~5.1.2"
      is-binary-path "~2.1.0"
      is-glob "~4.0.1"
      normalize-path "~3.0.0"
      readdirp "~3.6.0"
    optionalDependencies:
      fsevents "~2.3.2"
  
  color-convert@^2.0.1:
    version "2.0.1"
    resolved "https://registry.npmmirror.com/color-convert/download/color-convert-2.0.1.tgz"
    integrity sha1-ctOmjVmMm9s68q0ehPIdiWq9TeM=
    dependencies:
      color-name "~1.1.4"
  
  color-name@~1.1.4:
    version "1.1.4"
    resolved "https://registry.npmmirror.com/color-name/download/color-name-1.1.4.tgz"
    integrity sha1-wqCah6y95pVD3m9j+jmVyCbFNqI=
  
  concat-map@0.0.1:
    version "0.0.1"
    resolved "https://registry.npmmirror.com/concat-map/download/concat-map-0.0.1.tgz"
    integrity sha1-2Klr13/Wjfd5OnMDajug1UBdR3s=
  
  constantinople@^4.0.1:
    version "4.0.1"
    resolved "https://registry.npmmirror.com/constantinople/download/constantinople-4.0.1.tgz"
    integrity sha1-De8RP6Dk3I3oMzGlz3nIsyUhMVE=
    dependencies:
      "@babel/parser" "^7.6.0"
      "@babel/types" "^7.6.1"
  
  cross-spawn@^7.0.2:
    version "7.0.3"
    resolved "https://registry.npmmirror.com/cross-spawn/download/cross-spawn-7.0.3.tgz"
    integrity sha1-9zqFudXUHQRVUcF34ogtSshXKKY=
    dependencies:
      path-key "^3.1.0"
      shebang-command "^2.0.0"
      which "^2.0.1"
  
  css@^3.0.0:
    version "3.0.0"
    resolved "https://registry.npmmirror.com/css/download/css-3.0.0.tgz"
    integrity sha1-REek1Y/dAzZ8UWyp9krjZc7kql0=
    dependencies:
      inherits "^2.0.4"
      source-map "^0.6.1"
      source-map-resolve "^0.6.0"
  
  csstype@^2.6.8:
    version "2.6.19"
    resolved "https://registry.npmmirror.com/csstype/download/csstype-2.6.19.tgz?cache=0&sync_timestamp=1637224446963&other_urls=https%3A%2F%2Fregistry.npmmirror.com%2Fcsstype%2Fdownload%2Fcsstype-2.6.19.tgz"
    integrity sha512-ZVxXaNy28/k3kJg0Fou5MiYpp88j7H9hLZp8PDC3jV0WFjfH5E9xHb56L0W59cPbKbcHXeP4qyT8PrHp8t6LcQ==
  
  dayjs@^1.10.7:
    version "1.10.7"
    resolved "https://registry.npmmirror.com/dayjs/download/dayjs-1.10.7.tgz"
    integrity sha1-LPX5Gt0oEWdIRAhmoKHSbzps5Gg=
  
  debug@^4.1.1, debug@^4.3.2:
    version "4.3.3"
    resolved "https://registry.npmmirror.com/debug/download/debug-4.3.3.tgz"
    integrity sha512-/zxw5+vh1Tfv+4Qn7a5nsbcJKPaSvCDhojn6FEl9vupwK2VCSDtEiEtqr8DFtzYFOdz63LBkxec7DYuc2jon6Q==
    dependencies:
      ms "2.1.2"
  
  debug@~3.1.0:
    version "3.1.0"
    resolved "https://registry.npmmirror.com/debug/download/debug-3.1.0.tgz"
    integrity sha1-W7WgZyYotkFJVmuhaBnmFRjGcmE=
    dependencies:
      ms "2.0.0"
  
  decode-uri-component@^0.2.0:
    version "0.2.0"
    resolved "https://registry.npmmirror.com/decode-uri-component/download/decode-uri-component-0.2.0.tgz"
    integrity sha1-6zkTMzRYd1y4TNGh+uBiEGu4dUU=
  
  deep-is@^0.1.3:
    version "0.1.4"
    resolved "https://registry.npmmirror.com/deep-is/download/deep-is-0.1.4.tgz"
    integrity sha1-pvLc5hL63S7x9Rm3NVHxfoUZmDE=
  
  doctrine@^3.0.0:
    version "3.0.0"
    resolved "https://registry.npmmirror.com/doctrine/download/doctrine-3.0.0.tgz"
    integrity sha1-rd6+rXKmV023g2OdyHoSF3OXOWE=
    dependencies:
      esutils "^2.0.2"
  
  doctypes@^1.1.0:
    version "1.1.0"
    resolved "https://registry.npmmirror.com/doctypes/download/doctypes-1.1.0.tgz"
    integrity sha1-6oCxBqh1OHdOijpKWv4pPeSJ4Kk=
  
  dom-serializer@^1.0.1:
    version "1.3.2"
    resolved "https://registry.npmmirror.com/dom-serializer/download/dom-serializer-1.3.2.tgz"
    integrity sha1-YgZDfTLO767HFhgDIwx6ILwbTZE=
    dependencies:
      domelementtype "^2.0.1"
      domhandler "^4.2.0"
      entities "^2.0.0"
  
  domelementtype@^2.0.1, domelementtype@^2.2.0:
    version "2.2.0"
    resolved "https://registry.npmmirror.com/domelementtype/download/domelementtype-2.2.0.tgz"
    integrity sha1-mgtsJ4LtahxzI9QiZxg9+b2LHVc=
  
  domhandler@^4.0.0, domhandler@^4.2.0:
    version "4.2.2"
    resolved "https://registry.npmmirror.com/domhandler/download/domhandler-4.2.2.tgz"
    integrity sha1-6CXXIdGahrjCAaNSZOImxnjudV8=
    dependencies:
      domelementtype "^2.2.0"
  
  domutils@^2.5.2:
    version "2.8.0"
    resolved "https://registry.npmmirror.com/domutils/download/domutils-2.8.0.tgz"
    integrity sha1-RDfe9dtuLR9dbuhZvZXKfQIEgTU=
    dependencies:
      dom-serializer "^1.0.1"
      domelementtype "^2.2.0"
      domhandler "^4.2.0"
  
  element-plus@^1.2.0-beta.4:
    version "1.2.0-beta.4"
    resolved "https://registry.npmmirror.com/element-plus/download/element-plus-1.2.0-beta.4.tgz"
    integrity sha512-wYOwa/Zop5xMqhqkS7jOd32FF0Y2IpquIu8JLMbmvwlWvRUVetE5RO5lvxiF6etZgq8urRVttisXnOzJ9YOItQ==
    dependencies:
      "@element-plus/icons" "^0.0.11"
      "@popperjs/core" "^2.10.2"
      "@vueuse/core" "^7.0.0"
      async-validator "^4.0.7"
      dayjs "^1.10.7"
      lodash "^4.17.21"
      memoize-one "^6.0.0"
      normalize-wheel-es "^1.1.1"
  
  emmet@^2.3.0:
    version "2.3.4"
    resolved "https://registry.npmmirror.com/emmet/download/emmet-2.3.4.tgz"
    integrity sha1-W6DXpVaaaMdpffqJDHcuTzF50SM=
    dependencies:
      "@emmetio/abbreviation" "^2.2.2"
      "@emmetio/css-abbreviation" "^2.1.4"
  
  enquirer@^2.3.5:
    version "2.3.6"
    resolved "https://registry.npmmirror.com/enquirer/download/enquirer-2.3.6.tgz"
    integrity sha1-Kn/l3WNKHkElqXXsmU/1RW3Dc00=
    dependencies:
      ansi-colors "^4.1.1"
  
  entities@^2.0.0:
    version "2.2.0"
    resolved "https://registry.npmmirror.com/entities/download/entities-2.2.0.tgz"
    integrity sha1-CY3JDruD2N/6CJ1VJWs1HTTE2lU=
  
  esbuild-android-arm64@0.13.15:
    version "0.13.15"
    resolved "https://registry.npmmirror.com/esbuild-android-arm64/download/esbuild-android-arm64-0.13.15.tgz#3fc3ff0bab76fe35dd237476b5d2b32bb20a3d44"
    integrity sha512-m602nft/XXeO8YQPUDVoHfjyRVPdPgjyyXOxZ44MK/agewFFkPa8tUo6lAzSWh5Ui5PB4KR9UIFTSBKh/RrCmg==
  
  esbuild-darwin-64@0.13.15:
    version "0.13.15"
    resolved "https://registry.npmmirror.com/esbuild-darwin-64/download/esbuild-darwin-64-0.13.15.tgz#8e9169c16baf444eacec60d09b24d11b255a8e72"
    integrity sha512-ihOQRGs2yyp7t5bArCwnvn2Atr6X4axqPpEdCFPVp7iUj4cVSdisgvEKdNR7yH3JDjW6aQDw40iQFoTqejqxvQ==
  
  esbuild-darwin-arm64@0.13.15:
    version "0.13.15"
    resolved "https://registry.npmmirror.com/esbuild-darwin-arm64/download/esbuild-darwin-arm64-0.13.15.tgz#1b07f893b632114f805e188ddfca41b2b778229a"
    integrity sha512-i1FZssTVxUqNlJ6cBTj5YQj4imWy3m49RZRnHhLpefFIh0To05ow9DTrXROTE1urGTQCloFUXTX8QfGJy1P8dQ==
  
  esbuild-freebsd-64@0.13.15:
    version "0.13.15"
    resolved "https://registry.npmmirror.com/esbuild-freebsd-64/download/esbuild-freebsd-64-0.13.15.tgz#0b8b7eca1690c8ec94c75680c38c07269c1f4a85"
    integrity sha512-G3dLBXUI6lC6Z09/x+WtXBXbOYQZ0E8TDBqvn7aMaOCzryJs8LyVXKY4CPnHFXZAbSwkCbqiPuSQ1+HhrNk7EA==
  
  esbuild-freebsd-arm64@0.13.15:
    version "0.13.15"
    resolved "https://registry.npmmirror.com/esbuild-freebsd-arm64/download/esbuild-freebsd-arm64-0.13.15.tgz#2e1a6c696bfdcd20a99578b76350b41db1934e52"
    integrity sha512-KJx0fzEDf1uhNOZQStV4ujg30WlnwqUASaGSFPhznLM/bbheu9HhqZ6mJJZM32lkyfGJikw0jg7v3S0oAvtvQQ==
  
  esbuild-linux-32@0.13.15:
    version "0.13.15"
    resolved "https://registry.npmmirror.com/esbuild-linux-32/download/esbuild-linux-32-0.13.15.tgz#6fd39f36fc66dd45b6b5f515728c7bbebc342a69"
    integrity sha512-ZvTBPk0YWCLMCXiFmD5EUtB30zIPvC5Itxz0mdTu/xZBbbHJftQgLWY49wEPSn2T/TxahYCRDWun5smRa0Tu+g==
  
  esbuild-linux-64@0.13.15:
    version "0.13.15"
    resolved "https://registry.npmmirror.com/esbuild-linux-64/download/esbuild-linux-64-0.13.15.tgz#9cb8e4bcd7574e67946e4ee5f1f1e12386bb6dd3"
    integrity sha512-eCKzkNSLywNeQTRBxJRQ0jxRCl2YWdMB3+PkWFo2BBQYC5mISLIVIjThNtn6HUNqua1pnvgP5xX0nHbZbPj5oA==
  
  esbuild-linux-arm64@0.13.15:
    version "0.13.15"
    resolved "https://registry.npmmirror.com/esbuild-linux-arm64/download/esbuild-linux-arm64-0.13.15.tgz#3891aa3704ec579a1b92d2a586122e5b6a2bfba1"
    integrity sha512-bYpuUlN6qYU9slzr/ltyLTR9YTBS7qUDymO8SV7kjeNext61OdmqFAzuVZom+OLW1HPHseBfJ/JfdSlx8oTUoA==
  
  esbuild-linux-arm@0.13.15:
    version "0.13.15"
    resolved "https://registry.npmmirror.com/esbuild-linux-arm/download/esbuild-linux-arm-0.13.15.tgz#8a00e99e6a0c6c9a6b7f334841364d8a2b4aecfe"
    integrity sha512-wUHttDi/ol0tD8ZgUMDH8Ef7IbDX+/UsWJOXaAyTdkT7Yy9ZBqPg8bgB/Dn3CZ9SBpNieozrPRHm0BGww7W/jA==
  
  esbuild-linux-mips64le@0.13.15:
    version "0.13.15"
    resolved "https://registry.npmmirror.com/esbuild-linux-mips64le/download/esbuild-linux-mips64le-0.13.15.tgz#36b07cc47c3d21e48db3bb1f4d9ef8f46aead4f7"
    integrity sha512-KlVjIG828uFPyJkO/8gKwy9RbXhCEUeFsCGOJBepUlpa7G8/SeZgncUEz/tOOUJTcWMTmFMtdd3GElGyAtbSWg==
  
  esbuild-linux-ppc64le@0.13.15:
    version "0.13.15"
    resolved "https://registry.npmmirror.com/esbuild-linux-ppc64le/download/esbuild-linux-ppc64le-0.13.15.tgz#f7e6bba40b9a11eb9dcae5b01550ea04670edad2"
    integrity sha512-h6gYF+OsaqEuBjeesTBtUPw0bmiDu7eAeuc2OEH9S6mV9/jPhPdhOWzdeshb0BskRZxPhxPOjqZ+/OqLcxQwEQ==
  
  esbuild-netbsd-64@0.13.15:
    version "0.13.15"
    resolved "https://registry.npmmirror.com/esbuild-netbsd-64/download/esbuild-netbsd-64-0.13.15.tgz#a2fedc549c2b629d580a732d840712b08d440038"
    integrity sha512-3+yE9emwoevLMyvu+iR3rsa+Xwhie7ZEHMGDQ6dkqP/ndFzRHkobHUKTe+NCApSqG5ce2z4rFu+NX/UHnxlh3w==
  
  esbuild-openbsd-64@0.13.15:
    version "0.13.15"
    resolved "https://registry.npmmirror.com/esbuild-openbsd-64/download/esbuild-openbsd-64-0.13.15.tgz#b22c0e5806d3a1fbf0325872037f885306b05cd7"
    integrity sha512-wTfvtwYJYAFL1fSs8yHIdf5GEE4NkbtbXtjLWjM3Cw8mmQKqsg8kTiqJ9NJQe5NX/5Qlo7Xd9r1yKMMkHllp5g==
  
  esbuild-sunos-64@0.13.15:
    version "0.13.15"
    resolved "https://registry.npmmirror.com/esbuild-sunos-64/download/esbuild-sunos-64-0.13.15.tgz#d0b6454a88375ee8d3964daeff55c85c91c7cef4"
    integrity sha512-lbivT9Bx3t1iWWrSnGyBP9ODriEvWDRiweAs69vI+miJoeKwHWOComSRukttbuzjZ8r1q0mQJ8Z7yUsDJ3hKdw==
  
  esbuild-windows-32@0.13.15:
    version "0.13.15"
    resolved "https://registry.npmmirror.com/esbuild-windows-32/download/esbuild-windows-32-0.13.15.tgz#c96d0b9bbb52f3303322582ef8e4847c5ad375a7"
    integrity sha512-fDMEf2g3SsJ599MBr50cY5ve5lP1wyVwTe6aLJsM01KtxyKkB4UT+fc5MXQFn3RLrAIAZOG+tHC+yXObpSn7Nw==
  
  esbuild-windows-64@0.13.15:
    version "0.13.15"
    resolved "https://registry.npmmirror.com/esbuild-windows-64/download/esbuild-windows-64-0.13.15.tgz"
    integrity sha512-9aMsPRGDWCd3bGjUIKG/ZOJPKsiztlxl/Q3C1XDswO6eNX/Jtwu4M+jb6YDH9hRSUflQWX0XKAfWzgy5Wk54JQ==
  
  esbuild-windows-arm64@0.13.15:
    version "0.13.15"
    resolved "https://registry.npmmirror.com/esbuild-windows-arm64/download/esbuild-windows-arm64-0.13.15.tgz#482173070810df22a752c686509c370c3be3b3c3"
    integrity sha512-zzvyCVVpbwQQATaf3IG8mu1IwGEiDxKkYUdA4FpoCHi1KtPa13jeScYDjlW0Qh+ebWzpKfR2ZwvqAQkSWNcKjA==
  
  esbuild@^0.13.2:
    version "0.13.15"
    resolved "https://registry.npmmirror.com/esbuild/download/esbuild-0.13.15.tgz"
    integrity sha512-raCxt02HBKv8RJxE8vkTSCXGIyKHdEdGfUmiYb8wnabnaEmHzyW7DCHb5tEN0xU8ryqg5xw54mcwnYkC4x3AIw==
    optionalDependencies:
      esbuild-android-arm64 "0.13.15"
      esbuild-darwin-64 "0.13.15"
      esbuild-darwin-arm64 "0.13.15"
      esbuild-freebsd-64 "0.13.15"
      esbuild-freebsd-arm64 "0.13.15"
      esbuild-linux-32 "0.13.15"
      esbuild-linux-64 "0.13.15"
      esbuild-linux-arm "0.13.15"
      esbuild-linux-arm64 "0.13.15"
      esbuild-linux-mips64le "0.13.15"
      esbuild-linux-ppc64le "0.13.15"
      esbuild-netbsd-64 "0.13.15"
      esbuild-openbsd-64 "0.13.15"
      esbuild-sunos-64 "0.13.15"
      esbuild-windows-32 "0.13.15"
      esbuild-windows-64 "0.13.15"
      esbuild-windows-arm64 "0.13.15"
  
  escape-string-regexp@^4.0.0:
    version "4.0.0"
    resolved "https://registry.npmmirror.com/escape-string-regexp/download/escape-string-regexp-4.0.0.tgz?cache=0&sync_timestamp=1632405132730&other_urls=https%3A%2F%2Fregistry.npmmirror.com%2Fescape-string-regexp%2Fdownload%2Fescape-string-regexp-4.0.0.tgz"
    integrity sha1-FLqDpdNz49MR5a/KKc9b+tllvzQ=
  
  eslint-scope@^7.1.0:
    version "7.1.0"
    resolved "https://registry.npmmirror.com/eslint-scope/download/eslint-scope-7.1.0.tgz?cache=0&sync_timestamp=1637466986944&other_urls=https%3A%2F%2Fregistry.npmmirror.com%2Feslint-scope%2Fdownload%2Feslint-scope-7.1.0.tgz#c1f6ea30ac583031f203d65c73e723b01298f153"
    integrity sha512-aWwkhnS0qAXqNOgKOK0dJ2nvzEbhEvpy8OlJ9kZ0FeZnA6zpjv1/Vei+puGFFX7zkPCkHHXb7IDX3A+7yPrRWg==
    dependencies:
      esrecurse "^4.3.0"
      estraverse "^5.2.0"
  
  eslint-utils@^3.0.0:
    version "3.0.0"
    resolved "https://registry.npmmirror.com/eslint-utils/download/eslint-utils-3.0.0.tgz?cache=0&sync_timestamp=1632753976349&other_urls=https%3A%2F%2Fregistry.npmmirror.com%2Feslint-utils%2Fdownload%2Feslint-utils-3.0.0.tgz"
    integrity sha1-iuuvrOc0W7M1WdsKHxOh0tSMNnI=
    dependencies:
      eslint-visitor-keys "^2.0.0"
  
  eslint-visitor-keys@^2.0.0:
    version "2.1.0"
    resolved "https://registry.npmmirror.com/eslint-visitor-keys/download/eslint-visitor-keys-2.1.0.tgz?cache=0&sync_timestamp=1636378502272&other_urls=https%3A%2F%2Fregistry.npmmirror.com%2Feslint-visitor-keys%2Fdownload%2Feslint-visitor-keys-2.1.0.tgz"
    integrity sha1-9lMoJZMFknOSyTjtROsKXJsr0wM=
  
  eslint-visitor-keys@^3.1.0:
    version "3.1.0"
    resolved "https://registry.npmmirror.com/eslint-visitor-keys/download/eslint-visitor-keys-3.1.0.tgz?cache=0&sync_timestamp=1636378502272&other_urls=https%3A%2F%2Fregistry.npmmirror.com%2Feslint-visitor-keys%2Fdownload%2Feslint-visitor-keys-3.1.0.tgz"
    integrity sha512-yWJFpu4DtjsWKkt5GeNBBuZMlNcYVs6vRCLoCVEJrTjaSB6LC98gFipNK/erM2Heg/E8mIK+hXG/pJMLK+eRZA==
  
  eslint@^8.3.0:
    version "8.3.0"
    resolved "https://registry.npmmirror.com/eslint/download/eslint-8.3.0.tgz?cache=0&sync_timestamp=1637475878372&other_urls=https%3A%2F%2Fregistry.npmmirror.com%2Feslint%2Fdownload%2Feslint-8.3.0.tgz#a3c2409507403c1c7f6c42926111d6cbefbc3e85"
    integrity sha512-aIay56Ph6RxOTC7xyr59Kt3ewX185SaGnAr8eWukoPLeriCrvGjvAubxuvaXOfsxhtwV5g0uBOsyhAom4qJdww==
    dependencies:
      "@eslint/eslintrc" "^1.0.4"
      "@humanwhocodes/config-array" "^0.6.0"
      ajv "^6.10.0"
      chalk "^4.0.0"
      cross-spawn "^7.0.2"
      debug "^4.3.2"
      doctrine "^3.0.0"
      enquirer "^2.3.5"
      escape-string-regexp "^4.0.0"
      eslint-scope "^7.1.0"
      eslint-utils "^3.0.0"
      eslint-visitor-keys "^3.1.0"
      espree "^9.1.0"
      esquery "^1.4.0"
      esutils "^2.0.2"
      fast-deep-equal "^3.1.3"
      file-entry-cache "^6.0.1"
      functional-red-black-tree "^1.0.1"
      glob-parent "^6.0.1"
      globals "^13.6.0"
      ignore "^4.0.6"
      import-fresh "^3.0.0"
      imurmurhash "^0.1.4"
      is-glob "^4.0.0"
      js-yaml "^4.1.0"
      json-stable-stringify-without-jsonify "^1.0.1"
      levn "^0.4.1"
      lodash.merge "^4.6.2"
      minimatch "^3.0.4"
      natural-compare "^1.4.0"
      optionator "^0.9.1"
      progress "^2.0.0"
      regexpp "^3.2.0"
      semver "^7.2.1"
      strip-ansi "^6.0.1"
      strip-json-comments "^3.1.0"
      text-table "^0.2.0"
      v8-compile-cache "^2.0.3"
  
  espree@^9.0.0, espree@^9.1.0:
    version "9.1.0"
    resolved "https://registry.npmmirror.com/espree/download/espree-9.1.0.tgz?cache=0&sync_timestamp=1637466717061&other_urls=https%3A%2F%2Fregistry.npmmirror.com%2Fespree%2Fdownload%2Fespree-9.1.0.tgz"
    integrity sha512-ZgYLvCS1wxOczBYGcQT9DDWgicXwJ4dbocr9uYN+/eresBAUuBu+O4WzB21ufQ/JqQT8gyp7hJ3z8SHii32mTQ==
    dependencies:
      acorn "^8.6.0"
      acorn-jsx "^5.3.1"
      eslint-visitor-keys "^3.1.0"
  
  esquery@^1.4.0:
    version "1.4.0"
    resolved "https://registry.npmmirror.com/esquery/download/esquery-1.4.0.tgz"
    integrity sha1-IUj/w4uC6McFff7UhCWz5h8PJKU=
    dependencies:
      estraverse "^5.1.0"
  
  esrecurse@^4.3.0:
    version "4.3.0"
    resolved "https://registry.npmmirror.com/esrecurse/download/esrecurse-4.3.0.tgz"
    integrity sha1-eteWTWeauyi+5yzsY3WLHF0smSE=
    dependencies:
      estraverse "^5.2.0"
  
  estraverse@^5.1.0, estraverse@^5.2.0:
    version "5.3.0"
    resolved "https://registry.npmmirror.com/estraverse/download/estraverse-5.3.0.tgz?cache=0&sync_timestamp=1635237706876&other_urls=https%3A%2F%2Fregistry.npmmirror.com%2Festraverse%2Fdownload%2Festraverse-5.3.0.tgz"
    integrity sha1-LupSkHAvJquP5TcDcP+GyWXSESM=
  
  estree-walker@^2.0.1, estree-walker@^2.0.2:
    version "2.0.2"
    resolved "https://registry.npmmirror.com/estree-walker/download/estree-walker-2.0.2.tgz"
    integrity sha1-UvAQF4wqTBF6d1fP6UKtt9LaTKw=
  
  esutils@^2.0.2:
    version "2.0.3"
    resolved "https://registry.npmmirror.com/esutils/download/esutils-2.0.3.tgz"
    integrity sha1-dNLrTeC42hKTcRkQ1Qd1ubcQ72Q=
  
  fast-deep-equal@^3.1.1, fast-deep-equal@^3.1.3:
    version "3.1.3"
    resolved "https://registry.npmmirror.com/fast-deep-equal/download/fast-deep-equal-3.1.3.tgz"
    integrity sha1-On1WtVnWy8PrUSMlJE5hmmXGxSU=
  
  fast-glob@^3.2.7:
    version "3.2.7"
    resolved "https://registry.npmmirror.com/fast-glob/download/fast-glob-3.2.7.tgz"
    integrity sha1-/Wy3otfpqnp4RhEehaGW1rL3ZqE=
    dependencies:
      "@nodelib/fs.stat" "^2.0.2"
      "@nodelib/fs.walk" "^1.2.3"
      glob-parent "^5.1.2"
      merge2 "^1.3.0"
      micromatch "^4.0.4"
  
  fast-json-stable-stringify@^2.0.0:
    version "2.1.0"
    resolved "https://registry.npmmirror.com/fast-json-stable-stringify/download/fast-json-stable-stringify-2.1.0.tgz"
    integrity sha1-h0v2nG9ATCtdmcSBNBOZ/VWJJjM=
  
  fast-levenshtein@^2.0.6:
    version "2.0.6"
    resolved "https://registry.npmmirror.com/fast-levenshtein/download/fast-levenshtein-2.0.6.tgz"
    integrity sha1-PYpcZog6FqMMqGQ+hR8Zuqd5eRc=
  
  fastq@^1.6.0:
    version "1.13.0"
    resolved "https://registry.npmmirror.com/fastq/download/fastq-1.13.0.tgz"
    integrity sha1-YWdg+Ip1Jr38WWt8q4wYk4w2uYw=
    dependencies:
      reusify "^1.0.4"
  
  file-entry-cache@^6.0.1:
    version "6.0.1"
    resolved "https://registry.npmmirror.com/file-entry-cache/download/file-entry-cache-6.0.1.tgz"
    integrity sha1-IRst2WWcsDlLBz5zI6w8kz1SICc=
    dependencies:
      flat-cache "^3.0.4"
  
  fill-range@^7.0.1:
    version "7.0.1"
    resolved "https://registry.npmmirror.com/fill-range/download/fill-range-7.0.1.tgz"
    integrity sha1-GRmmp8df44ssfHflGYU12prN2kA=
    dependencies:
      to-regex-range "^5.0.1"
  
  flat-cache@^3.0.4:
    version "3.0.4"
    resolved "https://registry.npmmirror.com/flat-cache/download/flat-cache-3.0.4.tgz"
    integrity sha1-YbAzgwKy/p+Vfcwy/CqH8cMEixE=
    dependencies:
      flatted "^3.1.0"
      rimraf "^3.0.2"
  
  flatted@^3.1.0:
    version "3.2.4"
    resolved "https://registry.npmmirror.com/flatted/download/flatted-3.2.4.tgz?cache=0&sync_timestamp=1636473899515&other_urls=https%3A%2F%2Fregistry.npmmirror.com%2Fflatted%2Fdownload%2Fflatted-3.2.4.tgz"
    integrity sha512-8/sOawo8tJ4QOBX8YlQBMxL8+RLZfxMQOif9o0KUKTNTjMYElWPE0r/m5VNFxTRd0NSw8qSy8dajrwX4RYI1Hw==
  
  follow-redirects@^1.14.4:
    version "1.14.5"
    resolved "https://registry.npmmirror.com/follow-redirects/download/follow-redirects-1.14.5.tgz?cache=0&sync_timestamp=1635857787070&other_urls=https%3A%2F%2Fregistry.npmmirror.com%2Ffollow-redirects%2Fdownload%2Ffollow-redirects-1.14.5.tgz"
    integrity sha1-8JpYSJgdPHcrU5Iwl3hSP42Fw4E=
  
  fs.realpath@^1.0.0:
    version "1.0.0"
    resolved "https://registry.npmmirror.com/fs.realpath/download/fs.realpath-1.0.0.tgz"
    integrity sha1-FQStJSMVjKpA20onh8sBQRmU6k8=
  
  fsevents@~2.3.2:
    version "2.3.2"
    resolved "https://registry.npmmirror.com/fsevents/download/fsevents-2.3.2.tgz#8a526f78b8fdf4623b709e0b975c52c24c02fd1a"
    integrity sha1-ilJveLj99GI7cJ4Ll1xSwkwC/Ro=
  
  function-bind@^1.1.1:
    version "1.1.1"
    resolved "https://registry.npmmirror.com/function-bind/download/function-bind-1.1.1.tgz"
    integrity sha1-pWiZ0+o8m6uHS7l3O3xe3pL0iV0=
  
  functional-red-black-tree@^1.0.1:
    version "1.0.1"
    resolved "https://registry.npmmirror.com/functional-red-black-tree/download/functional-red-black-tree-1.0.1.tgz?cache=0&sync_timestamp=1632753976530&other_urls=https%3A%2F%2Fregistry.npmmirror.com%2Ffunctional-red-black-tree%2Fdownload%2Ffunctional-red-black-tree-1.0.1.tgz"
    integrity sha1-GwqzvVU7Kg1jmdKcDj6gslIHgyc=
  
  get-intrinsic@^1.0.2:
    version "1.1.1"
    resolved "https://registry.npmmirror.com/get-intrinsic/download/get-intrinsic-1.1.1.tgz"
    integrity sha1-FfWfN2+FXERpY5SPDSTNNje0q8Y=
    dependencies:
      function-bind "^1.1.1"
      has "^1.0.3"
      has-symbols "^1.0.1"
  
  glob-parent@^5.1.2, glob-parent@~5.1.2:
    version "5.1.2"
    resolved "https://registry.npmmirror.com/glob-parent/download/glob-parent-5.1.2.tgz?cache=0&sync_timestamp=1632956864970&other_urls=https%3A%2F%2Fregistry.npmmirror.com%2Fglob-parent%2Fdownload%2Fglob-parent-5.1.2.tgz"
    integrity sha1-hpgyxYA0/mikCTwX3BXoNA2EAcQ=
    dependencies:
      is-glob "^4.0.1"
  
  glob-parent@^6.0.1:
    version "6.0.2"
    resolved "https://registry.npmmirror.com/glob-parent/download/glob-parent-6.0.2.tgz?cache=0&sync_timestamp=1632956864970&other_urls=https%3A%2F%2Fregistry.npmmirror.com%2Fglob-parent%2Fdownload%2Fglob-parent-6.0.2.tgz#6d237d99083950c79290f24c7642a3de9a28f9e3"
    integrity sha1-bSN9mQg5UMeSkPJMdkKj3poo+eM=
    dependencies:
      is-glob "^4.0.3"
  
  glob@^7.1.3, glob@^7.1.6:
    version "7.2.0"
    resolved "https://registry.npmmirror.com/glob/download/glob-7.2.0.tgz"
    integrity sha1-0VU1r3cy4C6Uj0xBYovZECk/YCM=
    dependencies:
      fs.realpath "^1.0.0"
      inflight "^1.0.4"
      inherits "2"
      minimatch "^3.0.4"
      once "^1.3.0"
      path-is-absolute "^1.0.0"
  
  globals@^13.6.0, globals@^13.9.0:
    version "13.12.0"
    resolved "https://registry.npmmirror.com/globals/download/globals-13.12.0.tgz?cache=0&sync_timestamp=1635390798667&other_urls=https%3A%2F%2Fregistry.npmmirror.com%2Fglobals%2Fdownload%2Fglobals-13.12.0.tgz"
    integrity sha1-TXM3YDBCMKAILtluIeXFZfiYCJ4=
    dependencies:
      type-fest "^0.20.2"
  
  has-flag@^4.0.0:
    version "4.0.0"
    resolved "https://registry.npmmirror.com/has-flag/download/has-flag-4.0.0.tgz"
    integrity sha1-lEdx/ZyByBJlxNaUGGDaBrtZR5s=
  
  has-symbols@^1.0.1, has-symbols@^1.0.2:
    version "1.0.2"
    resolved "https://registry.npmmirror.com/has-symbols/download/has-symbols-1.0.2.tgz"
    integrity sha1-Fl0wcMADCXUqEjakeTMeOsVvFCM=
  
  has-tostringtag@^1.0.0:
    version "1.0.0"
    resolved "https://registry.npmmirror.com/has-tostringtag/download/has-tostringtag-1.0.0.tgz"
    integrity sha1-fhM4GKfTlHNPlB5zw9P5KR5liyU=
    dependencies:
      has-symbols "^1.0.2"
  
  has@^1.0.3:
    version "1.0.3"
    resolved "https://registry.npmmirror.com/has/download/has-1.0.3.tgz"
    integrity sha1-ci18v8H2qoJB8W3YFOAR4fQeh5Y=
    dependencies:
      function-bind "^1.1.1"
  
  htmlparser2@^6.1.0:
    version "6.1.0"
    resolved "https://registry.npmmirror.com/htmlparser2/download/htmlparser2-6.1.0.tgz?cache=0&sync_timestamp=1636640908020&other_urls=https%3A%2F%2Fregistry.npmmirror.com%2Fhtmlparser2%2Fdownload%2Fhtmlparser2-6.1.0.tgz"
    integrity sha1-xNditsM3GgXb5l6UrkOp+EX7j7c=
    dependencies:
      domelementtype "^2.0.1"
      domhandler "^4.0.0"
      domutils "^2.5.2"
      entities "^2.0.0"
  
  ignore@^4.0.6:
    version "4.0.6"
    resolved "https://registry.npmmirror.com/ignore/download/ignore-4.0.6.tgz"
    integrity sha1-dQ49tYYgh7RzfrrIIH/9HvJ7Jfw=
  
  import-fresh@^3.0.0, import-fresh@^3.2.1:
    version "3.3.0"
    resolved "https://registry.npmmirror.com/import-fresh/download/import-fresh-3.3.0.tgz"
    integrity sha1-NxYsJfy566oublPVtNiM4X2eDCs=
    dependencies:
      parent-module "^1.0.0"
      resolve-from "^4.0.0"
  
  import-meta-resolve@^1.1.1:
    version "1.1.1"
    resolved "https://registry.npmmirror.com/import-meta-resolve/download/import-meta-resolve-1.1.1.tgz"
    integrity sha1-JE/VQv0frnNVDU+LPN47uh17Kxg=
    dependencies:
      builtins "^4.0.0"
  
  imurmurhash@^0.1.4:
    version "0.1.4"
    resolved "https://registry.npmmirror.com/imurmurhash/download/imurmurhash-0.1.4.tgz"
    integrity sha1-khi5srkoojixPcT7a21XbyMUU+o=
  
  inflight@^1.0.4:
    version "1.0.6"
    resolved "https://registry.npmmirror.com/inflight/download/inflight-1.0.6.tgz"
    integrity sha1-Sb1jMdfQLQwJvJEKEHW6gWW1bfk=
    dependencies:
      once "^1.3.0"
      wrappy "1"
  
  inherits@2, inherits@^2.0.4:
    version "2.0.4"
    resolved "https://registry.npmmirror.com/inherits/download/inherits-2.0.4.tgz"
    integrity sha1-D6LGT5MpF8NDOg3tVTY6rjdBa3w=
  
  is-binary-path@~2.1.0:
    version "2.1.0"
    resolved "https://registry.npmmirror.com/is-binary-path/download/is-binary-path-2.1.0.tgz"
    integrity sha1-6h9/O4DwZCNug0cPhsCcJU+0Wwk=
    dependencies:
      binary-extensions "^2.0.0"
  
  is-core-module@^2.2.0:
    version "2.8.0"
    resolved "https://registry.npmmirror.com/is-core-module/download/is-core-module-2.8.0.tgz"
    integrity sha1-AyEzbD0JJeSX/Zf12VyxFKXM1Ug=
    dependencies:
      has "^1.0.3"
  
  is-expression@^4.0.0:
    version "4.0.0"
    resolved "https://registry.npmmirror.com/is-expression/download/is-expression-4.0.0.tgz"
    integrity sha1-wzFVliq/IdCv0lUlFNZ9LsFv0qs=
    dependencies:
      acorn "^7.1.1"
      object-assign "^4.1.1"
  
  is-extglob@^2.1.1:
    version "2.1.1"
    resolved "https://registry.npmmirror.com/is-extglob/download/is-extglob-2.1.1.tgz"
    integrity sha1-qIwCU1eR8C7TfHahueqXc8gz+MI=
  
  is-glob@^4.0.0, is-glob@^4.0.1, is-glob@^4.0.3, is-glob@~4.0.1:
    version "4.0.3"
    resolved "https://registry.npmmirror.com/is-glob/download/is-glob-4.0.3.tgz?cache=0&sync_timestamp=1632934573225&other_urls=https%3A%2F%2Fregistry.npmmirror.com%2Fis-glob%2Fdownload%2Fis-glob-4.0.3.tgz"
    integrity sha1-ZPYeQsu7LuwgcanawLKLoeZdUIQ=
    dependencies:
      is-extglob "^2.1.1"
  
  is-number@^7.0.0:
    version "7.0.0"
    resolved "https://registry.npmmirror.com/is-number/download/is-number-7.0.0.tgz"
    integrity sha1-dTU0W4lnNNX4DE0GxQlVUnoU8Ss=
  
  is-promise@^2.0.0:
    version "2.2.2"
    resolved "https://registry.npmmirror.com/is-promise/download/is-promise-2.2.2.tgz"
    integrity sha1-OauVnMv5p3TPB597QMeib3YxNfE=
  
  is-regex@^1.0.3:
    version "1.1.4"
    resolved "https://registry.npmmirror.com/is-regex/download/is-regex-1.1.4.tgz"
    integrity sha1-7vVmPNWfpMCuM5UFMj32hUuxWVg=
    dependencies:
      call-bind "^1.0.2"
      has-tostringtag "^1.0.0"
  
  isexe@^2.0.0:
    version "2.0.0"
    resolved "https://registry.npmmirror.com/isexe/download/isexe-2.0.0.tgz"
    integrity sha1-6PvzdNxVb/iUehDcsFctYz8s+hA=
  
  js-stringify@^1.0.2:
    version "1.0.2"
    resolved "https://registry.npmmirror.com/js-stringify/download/js-stringify-1.0.2.tgz"
    integrity sha1-Fzb939lyTyijaCrcYjCufk6Weds=
  
  js-yaml@^4.1.0:
    version "4.1.0"
    resolved "https://registry.npmmirror.com/js-yaml/download/js-yaml-4.1.0.tgz#c1fb65f8f5017901cdd2c951864ba18458a10602"
    integrity sha1-wftl+PUBeQHN0slRhkuhhFihBgI=
    dependencies:
      argparse "^2.0.1"
  
  json-schema-traverse@^0.4.1:
    version "0.4.1"
    resolved "https://registry.npmmirror.com/json-schema-traverse/download/json-schema-traverse-0.4.1.tgz"
    integrity sha1-afaofZUTq4u4/mO9sJecRI5oRmA=
  
  json-stable-stringify-without-jsonify@^1.0.1:
    version "1.0.1"
    resolved "https://registry.npmmirror.com/json-stable-stringify-without-jsonify/download/json-stable-stringify-without-jsonify-1.0.1.tgz"
    integrity sha1-nbe1lJatPzz+8wp1FC0tkwrXJlE=
  
  jsonc-parser@^2.3.0:
    version "2.3.1"
    resolved "https://registry.npmmirror.com/jsonc-parser/download/jsonc-parser-2.3.1.tgz"
    integrity sha1-WVSRULEz8u+sykj+nOHsBlmvI0I=
  
  jsonc-parser@^3.0.0:
    version "3.0.0"
    resolved "https://registry.npmmirror.com/jsonc-parser/download/jsonc-parser-3.0.0.tgz"
    integrity sha1-q914VwHH5+rKip7IzwcMpRp0WiI=
  
  jstransformer@1.0.0:
    version "1.0.0"
    resolved "https://registry.npmmirror.com/jstransformer/download/jstransformer-1.0.0.tgz"
    integrity sha1-7Yvwkh4vPx7U1cGkT2hwntJHIsM=
    dependencies:
      is-promise "^2.0.0"
      promise "^7.0.1"
  
  klona@^2.0.4:
    version "2.0.5"
    resolved "https://registry.npmmirror.com/klona/download/klona-2.0.5.tgz?cache=0&sync_timestamp=1635385812271&other_urls=https%3A%2F%2Fregistry.npmmirror.com%2Fklona%2Fdownload%2Fklona-2.0.5.tgz"
    integrity sha1-0WZXTZAHY5XZljqnqSj6u412r7w=
  
  levn@^0.4.1:
    version "0.4.1"
    resolved "https://registry.npmmirror.com/levn/download/levn-0.4.1.tgz"
    integrity sha1-rkViwAdHO5MqYgDUAyaN0v/8at4=
    dependencies:
      prelude-ls "^1.2.1"
      type-check "~0.4.0"
  
  local-pkg@^0.1.0:
    version "0.1.0"
    resolved "https://registry.npmmirror.com/local-pkg/download/local-pkg-0.1.0.tgz"
    integrity sha1-dCKyro/B47nvLxMrCg6S2HnfUu8=
    dependencies:
      mlly "^0.2.2"
  
  lodash.merge@^4.6.2:
    version "4.6.2"
    resolved "https://registry.npmmirror.com/lodash.merge/download/lodash.merge-4.6.2.tgz"
    integrity sha1-VYqlO0O2YeGSWgr9+japoQhf5Xo=
  
  lodash@^4.17.21:
    version "4.17.21"
    resolved "https://registry.npmmirror.com/lodash/download/lodash-4.17.21.tgz"
    integrity sha1-Z5WRxWTDv/quhFTPCz3zcMPWkRw=
  
  lru-cache@^6.0.0:
    version "6.0.0"
    resolved "https://registry.npmmirror.com/lru-cache/download/lru-cache-6.0.0.tgz"
    integrity sha1-bW/mVw69lqr5D8rR2vo7JWbbOpQ=
    dependencies:
      yallist "^4.0.0"
  
  magic-string@^0.25.7:
    version "0.25.7"
    resolved "https://registry.npmmirror.com/magic-string/download/magic-string-0.25.7.tgz"
    integrity sha1-P0l9b9NMZpxnmNy4IfLvMfVEUFE=
    dependencies:
      sourcemap-codec "^1.4.4"
  
  memoize-one@^6.0.0:
    version "6.0.0"
    resolved "https://registry.npmmirror.com/memoize-one/download/memoize-one-6.0.0.tgz"
    integrity sha1-slkbhx7YKUiu5HJ9xqvO7qyMEEU=
  
  merge2@^1.3.0:
    version "1.4.1"
    resolved "https://registry.npmmirror.com/merge2/download/merge2-1.4.1.tgz"
    integrity sha1-Q2iJL4hekHRVpv19xVwMnUBJkK4=
  
  micromatch@^4.0.4:
    version "4.0.4"
    resolved "https://registry.npmmirror.com/micromatch/download/micromatch-4.0.4.tgz"
    integrity sha1-iW1Rnf6dsl/OlM63pQCRm/iB6/k=
    dependencies:
      braces "^3.0.1"
      picomatch "^2.2.3"
  
  minimatch@^3.0.4:
    version "3.0.4"
    resolved "https://registry.npmmirror.com/minimatch/download/minimatch-3.0.4.tgz"
    integrity sha1-UWbihkV/AzBgZL5Ul+jbsMPTIIM=
    dependencies:
      brace-expansion "^1.1.7"
  
  mkdirp@~1.0.4:
    version "1.0.4"
    resolved "https://registry.npmmirror.com/mkdirp/download/mkdirp-1.0.4.tgz"
    integrity sha1-PrXtYmInVteaXw4qIh3+utdcL34=
  
  mlly@^0.2.2:
    version "0.2.10"
    resolved "https://registry.npmmirror.com/mlly/download/mlly-0.2.10.tgz"
    integrity sha1-ZFkCyXYdxrXe0XS45xcUf+UuSJM=
    dependencies:
      import-meta-resolve "^1.1.1"
  
  ms@2.0.0:
    version "2.0.0"
    resolved "https://registry.npmmirror.com/ms/download/ms-2.0.0.tgz"
    integrity sha1-VgiurfwAvmwpAd9fmGF4jeDVl8g=
  
  ms@2.1.2:
    version "2.1.2"
    resolved "https://registry.npmmirror.com/ms/download/ms-2.1.2.tgz"
    integrity sha1-0J0fNXtEP0kzgqjrPM0YOHKuYAk=
  
  nanoid@^3.1.30:
    version "3.1.30"
    resolved "https://registry.npmmirror.com/nanoid/download/nanoid-3.1.30.tgz?cache=0&sync_timestamp=1634168018270&other_urls=https%3A%2F%2Fregistry.npmmirror.com%2Fnanoid%2Fdownload%2Fnanoid-3.1.30.tgz"
    integrity sha1-Y/k8xUjSoRPcXfvGO/oJ4rm2Q2I=
  
  natural-compare@^1.4.0:
    version "1.4.0"
    resolved "https://registry.npmmirror.com/natural-compare/download/natural-compare-1.4.0.tgz"
    integrity sha1-Sr6/7tdUHywnrPspvbvRXI1bpPc=
  
  normalize-path@^3.0.0, normalize-path@~3.0.0:
    version "3.0.0"
    resolved "https://registry.npmmirror.com/normalize-path/download/normalize-path-3.0.0.tgz"
    integrity sha1-Dc1p/yOhybEf0JeDFmRKA4ghamU=
  
  normalize-wheel-es@^1.1.1:
    version "1.1.1"
    resolved "https://registry.npmmirror.com/normalize-wheel-es/download/normalize-wheel-es-1.1.1.tgz?cache=0&sync_timestamp=1635733968623&other_urls=https%3A%2F%2Fregistry.npmmirror.com%2Fnormalize-wheel-es%2Fdownload%2Fnormalize-wheel-es-1.1.1.tgz"
    integrity sha1-qAlttqVvlDMtiE/Y6+2ojy/HlWk=
  
  object-assign@^4.1.1:
    version "4.1.1"
    resolved "https://registry.npmmirror.com/object-assign/download/object-assign-4.1.1.tgz?cache=0&sync_timestamp=1632753985376&other_urls=https%3A%2F%2Fregistry.npmmirror.com%2Fobject-assign%2Fdownload%2Fobject-assign-4.1.1.tgz"
    integrity sha1-IQmtx5ZYh8/AXLvUQsrIv7s2CGM=
  
  once@^1.3.0:
    version "1.4.0"
    resolved "https://registry.npmmirror.com/once/download/once-1.4.0.tgz"
    integrity sha1-WDsap3WWHUsROsF9nFC6753Xa9E=
    dependencies:
      wrappy "1"
  
  optionator@^0.9.1:
    version "0.9.1"
    resolved "https://registry.npmmirror.com/optionator/download/optionator-0.9.1.tgz"
    integrity sha1-TyNqY3Pa4FZqbUPhMmZ09QwpFJk=
    dependencies:
      deep-is "^0.1.3"
      fast-levenshtein "^2.0.6"
      levn "^0.4.1"
      prelude-ls "^1.2.1"
      type-check "^0.4.0"
      word-wrap "^1.2.3"
  
  parent-module@^1.0.0:
    version "1.0.1"
    resolved "https://registry.npmmirror.com/parent-module/download/parent-module-1.0.1.tgz"
    integrity sha1-aR0nCeeMefrjoVZiJFLQB2LKqqI=
    dependencies:
      callsites "^3.0.0"
  
  path-is-absolute@^1.0.0:
    version "1.0.1"
    resolved "https://registry.npmmirror.com/path-is-absolute/download/path-is-absolute-1.0.1.tgz"
    integrity sha1-F0uSaHNVNP+8es5r9TpanhtcX18=
  
  path-key@^3.1.0:
    version "3.1.1"
    resolved "https://registry.npmmirror.com/path-key/download/path-key-3.1.1.tgz"
    integrity sha1-WB9q3mWMu6ZaDTOA3ndTKVBU83U=
  
  path-parse@^1.0.6:
    version "1.0.7"
    resolved "https://registry.npmmirror.com/path-parse/download/path-parse-1.0.7.tgz"
    integrity sha1-+8EUtgykKzDZ2vWFjkvWi77bZzU=
  
  picocolors@^1.0.0:
    version "1.0.0"
    resolved "https://registry.npmmirror.com/picocolors/download/picocolors-1.0.0.tgz?cache=0&sync_timestamp=1634093378416&other_urls=https%3A%2F%2Fregistry.npmmirror.com%2Fpicocolors%2Fdownload%2Fpicocolors-1.0.0.tgz"
    integrity sha1-y1vcdP8/UYkiNur3nWi8RFZKuBw=
  
  picomatch@^2.0.4, picomatch@^2.2.1, picomatch@^2.2.2, picomatch@^2.2.3:
    version "2.3.0"
    resolved "https://registry.npmmirror.com/picomatch/download/picomatch-2.3.0.tgz"
    integrity sha1-8fBh3o9qS/AiiS4tEoI0+5gwKXI=
  
  postcss@^8.1.10, postcss@^8.3.8:
    version "8.4.3"
    resolved "https://registry.npmmirror.com/postcss/download/postcss-8.4.3.tgz"
    integrity sha512-d5gVKo8ekrircqHOQNvSQk8dhGOuAfu1iP6dzfAlnAmcu7EBJ9cFuZG8B1KZK362aaEO3L1H+WM3ny9xQ29tFw==
    dependencies:
      nanoid "^3.1.30"
      picocolors "^1.0.0"
      source-map-js "^1.0.1"
  
  prelude-ls@^1.2.1:
    version "1.2.1"
    resolved "https://registry.npmmirror.com/prelude-ls/download/prelude-ls-1.2.1.tgz"
    integrity sha1-3rxkidem5rDnYRiIzsiAM30xY5Y=
  
  progress@^2.0.0:
    version "2.0.3"
    resolved "https://registry.npmmirror.com/progress/download/progress-2.0.3.tgz"
    integrity sha1-foz42PW48jnBvGi+tOt4Vn1XLvg=
  
  promise@^7.0.1:
    version "7.3.1"
    resolved "https://registry.npmmirror.com/promise/download/promise-7.3.1.tgz"
    integrity sha1-BktyYCsY+Q8pGSuLG8QY/9Hr078=
    dependencies:
      asap "~2.0.3"
  
  pug-attrs@^3.0.0:
    version "3.0.0"
    resolved "https://registry.npmmirror.com/pug-attrs/download/pug-attrs-3.0.0.tgz"
    integrity sha1-sQRR4DSBZeMfrRzCPr3dncc0fEE=
    dependencies:
      constantinople "^4.0.1"
      js-stringify "^1.0.2"
      pug-runtime "^3.0.0"
  
  pug-code-gen@^3.0.2:
    version "3.0.2"
    resolved "https://registry.npmmirror.com/pug-code-gen/download/pug-code-gen-3.0.2.tgz"
    integrity sha1-rRkPSUMTO/GGtguA3kgxAOEy4s4=
    dependencies:
      constantinople "^4.0.1"
      doctypes "^1.1.0"
      js-stringify "^1.0.2"
      pug-attrs "^3.0.0"
      pug-error "^2.0.0"
      pug-runtime "^3.0.0"
      void-elements "^3.1.0"
      with "^7.0.0"
  
  pug-error@^2.0.0:
    version "2.0.0"
    resolved "https://registry.npmmirror.com/pug-error/download/pug-error-2.0.0.tgz"
    integrity sha1-XGIXPLCcNN4qLOBPF7it/sdNjKU=
  
  pug-filters@^4.0.0:
    version "4.0.0"
    resolved "https://registry.npmmirror.com/pug-filters/download/pug-filters-4.0.0.tgz"
    integrity sha1-0+Sa9bqEcum3pm2YDnB86dLMm14=
    dependencies:
      constantinople "^4.0.1"
      jstransformer "1.0.0"
      pug-error "^2.0.0"
      pug-walk "^2.0.0"
      resolve "^1.15.1"
  
  pug-lexer@^5.0.1:
    version "5.0.1"
    resolved "https://registry.npmmirror.com/pug-lexer/download/pug-lexer-5.0.1.tgz"
    integrity sha1-rkRijFvvmxkLZlaDsojKkCS4sNU=
    dependencies:
      character-parser "^2.2.0"
      is-expression "^4.0.0"
      pug-error "^2.0.0"
  
  pug-linker@^4.0.0:
    version "4.0.0"
    resolved "https://registry.npmmirror.com/pug-linker/download/pug-linker-4.0.0.tgz"
    integrity sha1-EsvAWU/Fo+Brn8Web5PBRpYqdwg=
    dependencies:
      pug-error "^2.0.0"
      pug-walk "^2.0.0"
  
  pug-load@^3.0.0:
    version "3.0.0"
    resolved "https://registry.npmmirror.com/pug-load/download/pug-load-3.0.0.tgz"
    integrity sha1-n9nNpSICsIrbEdJWgfufNL1BtmI=
    dependencies:
      object-assign "^4.1.1"
      pug-walk "^2.0.0"
  
  pug-parser@^6.0.0:
    version "6.0.0"
    resolved "https://registry.npmmirror.com/pug-parser/download/pug-parser-6.0.0.tgz"
    integrity sha1-qP3ANYY6lbLB3F6/Ts+AtOdqEmA=
    dependencies:
      pug-error "^2.0.0"
      token-stream "1.0.0"
  
  pug-runtime@^3.0.0, pug-runtime@^3.0.1:
    version "3.0.1"
    resolved "https://registry.npmmirror.com/pug-runtime/download/pug-runtime-3.0.1.tgz"
    integrity sha1-9jaXYgRyPzWoxfb61qzaKhkbg9c=
  
  pug-strip-comments@^2.0.0:
    version "2.0.0"
    resolved "https://registry.npmmirror.com/pug-strip-comments/download/pug-strip-comments-2.0.0.tgz"
    integrity sha1-+UsH/WtJVSMzD0kKf1VLT/h2MD4=
    dependencies:
      pug-error "^2.0.0"
  
  pug-walk@^2.0.0:
    version "2.0.0"
    resolved "https://registry.npmmirror.com/pug-walk/download/pug-walk-2.0.0.tgz"
    integrity sha1-QXqrwpIyu0SZtbUGmistKiTV9f4=
  
  pug@^3.0.2:
    version "3.0.2"
    resolved "https://registry.npmmirror.com/pug/download/pug-3.0.2.tgz?cache=0&sync_timestamp=1632753917680&other_urls=https%3A%2F%2Fregistry.npmmirror.com%2Fpug%2Fdownload%2Fpug-3.0.2.tgz"
    integrity sha1-81xxBzQ0VOQ7wnrg/3bHMbeOpTU=
    dependencies:
      pug-code-gen "^3.0.2"
      pug-filters "^4.0.0"
      pug-lexer "^5.0.1"
      pug-linker "^4.0.0"
      pug-load "^3.0.0"
      pug-parser "^6.0.0"
      pug-runtime "^3.0.1"
      pug-strip-comments "^2.0.0"
  
  punycode@^2.1.0:
    version "2.1.1"
    resolved "https://registry.npmmirror.com/punycode/download/punycode-2.1.1.tgz"
    integrity sha1-tYsBCsQMIsVldhbI0sLALHv0eew=
  
  queue-microtask@^1.2.2:
    version "1.2.3"
    resolved "https://registry.npmmirror.com/queue-microtask/download/queue-microtask-1.2.3.tgz"
    integrity sha1-SSkii7xyTfrEPg77BYyve2z7YkM=
  
  readdirp@~3.6.0:
    version "3.6.0"
    resolved "https://registry.npmmirror.com/readdirp/download/readdirp-3.6.0.tgz"
    integrity sha1-dKNwvYVxFuJFspzJc0DNQxoCpsc=
    dependencies:
      picomatch "^2.2.1"
  
  regexpp@^3.2.0:
    version "3.2.0"
    resolved "https://registry.npmmirror.com/regexpp/download/regexpp-3.2.0.tgz?cache=0&sync_timestamp=1632753976733&other_urls=https%3A%2F%2Fregistry.npmmirror.com%2Fregexpp%2Fdownload%2Fregexpp-3.2.0.tgz"
    integrity sha1-BCWido2PI7rXDKS5BGH6LxIT4bI=
  
  request-light@^0.5.4:
    version "0.5.5"
    resolved "https://registry.npmmirror.com/request-light/download/request-light-0.5.5.tgz?cache=0&sync_timestamp=1637141128396&other_urls=https%3A%2F%2Fregistry.npmmirror.com%2Frequest-light%2Fdownload%2Frequest-light-0.5.5.tgz"
    integrity sha512-AvjfJuhyT6dYfhtIBF+IpTPQco+Td1QJ6PsIJ5xui110vQ5p9HxHk+m1XJqXazLQT6CxxSx9eNv6R/+fu4bZig==
  
  resolve-from@^4.0.0:
    version "4.0.0"
    resolved "https://registry.npmmirror.com/resolve-from/download/resolve-from-4.0.0.tgz?cache=0&sync_timestamp=1632753973680&other_urls=https%3A%2F%2Fregistry.npmmirror.com%2Fresolve-from%2Fdownload%2Fresolve-from-4.0.0.tgz"
    integrity sha1-SrzYUq0y3Xuqv+m0DgCjbbXzkuY=
  
  resolve@^1.15.1, resolve@^1.20.0:
    version "1.20.0"
    resolved "https://registry.npmmirror.com/resolve/download/resolve-1.20.0.tgz?cache=0&sync_timestamp=1632753712607&other_urls=https%3A%2F%2Fregistry.npmmirror.com%2Fresolve%2Fdownload%2Fresolve-1.20.0.tgz"
    integrity sha1-YpoBP7P3B1XW8LeTXMHCxTeLGXU=
    dependencies:
      is-core-module "^2.2.0"
      path-parse "^1.0.6"
  
  reusify@^1.0.4:
    version "1.0.4"
    resolved "https://registry.npmmirror.com/reusify/download/reusify-1.0.4.tgz"
    integrity sha1-kNo4Kx4SbvwCFG6QhFqI2xKSXXY=
  
  rimraf@^3.0.2:
    version "3.0.2"
    resolved "https://registry.npmmirror.com/rimraf/download/rimraf-3.0.2.tgz"
    integrity sha1-8aVAK6YiCtUswSgrrBrjqkn9Bho=
    dependencies:
      glob "^7.1.3"
  
  rollup@^2.57.0:
    version "2.60.1"
    resolved "https://registry.npmmirror.com/rollup/download/rollup-2.60.1.tgz?cache=0&sync_timestamp=1637567576726&other_urls=https%3A%2F%2Fregistry.npmmirror.com%2Frollup%2Fdownload%2Frollup-2.60.1.tgz"
    integrity sha512-akwfnpjY0rXEDSn1UTVfKXJhPsEBu+imi1gqBA1ZkHGydUnkV/fWCC90P7rDaLEW8KTwBcS1G3N4893Ndz+jwg==
    optionalDependencies:
      fsevents "~2.3.2"
  
  run-parallel@^1.1.9:
    version "1.2.0"
    resolved "https://registry.npmmirror.com/run-parallel/download/run-parallel-1.2.0.tgz"
    integrity sha1-ZtE2jae9+SHrnZW9GpIp5/IaQ+4=
    dependencies:
      queue-microtask "^1.2.2"
  
  safer-buffer@^2.1.2:
    version "2.1.2"
    resolved "https://registry.npmmirror.com/safer-buffer/download/safer-buffer-2.1.2.tgz"
    integrity sha1-RPoWGwGHuVSd2Eu5GAL5vYOFzWo=
  
  sass@^1.43.5:
    version "1.43.5"
    resolved "https://registry.npmmirror.com/sass/download/sass-1.43.5.tgz"
    integrity sha512-WuNm+eAryMgQluL7Mbq9M4EruyGGMyal7Lu58FfnRMVWxgUzIvI7aSn60iNt3kn5yZBMR7G84fAGDcwqOF5JOg==
    dependencies:
      chokidar ">=3.0.0 <4.0.0"
  
  sax@~1.2.4:
    version "1.2.4"
    resolved "https://registry.npmmirror.com/sax/download/sax-1.2.4.tgz"
    integrity sha1-KBYjTiN4vdxOU1T6tcqold9xANk=
  
  semver@^6.3.0:
    version "6.3.0"
    resolved "https://registry.npmmirror.com/semver/download/semver-6.3.0.tgz?cache=0&sync_timestamp=1632728822118&other_urls=https%3A%2F%2Fregistry.npmmirror.com%2Fsemver%2Fdownload%2Fsemver-6.3.0.tgz"
    integrity sha1-7gpkyK9ejO6mdoexM3YeG+y9HT0=
  
  semver@^7.0.0, semver@^7.2.1, semver@^7.3.5:
    version "7.3.5"
    resolved "https://registry.npmmirror.com/semver/download/semver-7.3.5.tgz?cache=0&sync_timestamp=1632728822118&other_urls=https%3A%2F%2Fregistry.npmmirror.com%2Fsemver%2Fdownload%2Fsemver-7.3.5.tgz"
    integrity sha1-C2Ich5NI2JmOSw5L6Us/EuYBjvc=
    dependencies:
      lru-cache "^6.0.0"
  
  shebang-command@^2.0.0:
    version "2.0.0"
    resolved "https://registry.npmmirror.com/shebang-command/download/shebang-command-2.0.0.tgz"
    integrity sha1-zNCvT4g1+9wmW4JGGq8MNmY/NOo=
    dependencies:
      shebang-regex "^3.0.0"
  
  shebang-regex@^3.0.0:
    version "3.0.0"
    resolved "https://registry.npmmirror.com/shebang-regex/download/shebang-regex-3.0.0.tgz"
    integrity sha1-rhbxZE2HPsrYQ7AwexQzYtTEIXI=
  
  source-map-js@^1.0.1:
    version "1.0.1"
    resolved "https://registry.npmmirror.com/source-map-js/download/source-map-js-1.0.1.tgz"
    integrity sha512-4+TN2b3tqOCd/kaGRJ/sTYA0tR0mdXx26ipdolxcwtJVqEnqNYvlCAt1q3ypy4QMlYus+Zh34RNtYLoq2oQ4IA==
  
  source-map-resolve@^0.6.0:
    version "0.6.0"
    resolved "https://registry.npmmirror.com/source-map-resolve/download/source-map-resolve-0.6.0.tgz"
    integrity sha1-PZ34fiNrU/FtAeWBUPx3EROOXtI=
    dependencies:
      atob "^2.1.2"
      decode-uri-component "^0.2.0"
  
  source-map@^0.6.1:
    version "0.6.1"
    resolved "https://registry.npmmirror.com/source-map/download/source-map-0.6.1.tgz?cache=0&sync_timestamp=1632388784710&other_urls=https%3A%2F%2Fregistry.npmmirror.com%2Fsource-map%2Fdownload%2Fsource-map-0.6.1.tgz"
    integrity sha1-dHIq8y6WFOnCh6jQu95IteLxomM=
  
  source-map@^0.7.3:
    version "0.7.3"
    resolved "https://registry.npmmirror.com/source-map/download/source-map-0.7.3.tgz?cache=0&sync_timestamp=1632388784710&other_urls=https%3A%2F%2Fregistry.npmmirror.com%2Fsource-map%2Fdownload%2Fsource-map-0.7.3.tgz"
    integrity sha1-UwL4FpAxc1ImVECS5kmB91F1A4M=
  
  sourcemap-codec@^1.4.4:
    version "1.4.8"
    resolved "https://registry.npmmirror.com/sourcemap-codec/download/sourcemap-codec-1.4.8.tgz"
    integrity sha1-6oBL2UhXQC5pktBaOO8a41qatMQ=
  
  strip-ansi@^6.0.1:
    version "6.0.1"
    resolved "https://registry.npmmirror.com/strip-ansi/download/strip-ansi-6.0.1.tgz"
    integrity sha1-nibGPTD1NEPpSJSVshBdN7Z6hdk=
    dependencies:
      ansi-regex "^5.0.1"
  
  strip-json-comments@^3.1.0, strip-json-comments@^3.1.1:
    version "3.1.1"
    resolved "https://registry.npmmirror.com/strip-json-comments/download/strip-json-comments-3.1.1.tgz"
    integrity sha1-MfEoGzgyYwQ0gxwxDAHMzajL4AY=
  
  stylus-loader@^6.2.0:
    version "6.2.0"
    resolved "https://registry.npmmirror.com/stylus-loader/download/stylus-loader-6.2.0.tgz"
    integrity sha1-C6SZ50Tn+52bOXd4TIY5cop87Yw=
    dependencies:
      fast-glob "^3.2.7"
      klona "^2.0.4"
      normalize-path "^3.0.0"
  
  stylus@^0.55.0:
    version "0.55.0"
    resolved "https://registry.npmmirror.com/stylus/download/stylus-0.55.0.tgz"
    integrity sha1-vUBKNt2T+od0Sp3S0rG4RQNF5fw=
    dependencies:
      css "^3.0.0"
      debug "~3.1.0"
      glob "^7.1.6"
      mkdirp "~1.0.4"
      safer-buffer "^2.1.2"
      sax "~1.2.4"
      semver "^6.3.0"
      source-map "^0.7.3"
  
  supports-color@^7.1.0:
    version "7.2.0"
    resolved "https://registry.npmmirror.com/supports-color/download/supports-color-7.2.0.tgz"
    integrity sha1-G33NyzK4E4gBs+R4umpRyqiWSNo=
    dependencies:
      has-flag "^4.0.0"
  
  text-table@^0.2.0:
    version "0.2.0"
    resolved "https://registry.npmmirror.com/text-table/download/text-table-0.2.0.tgz"
    integrity sha1-f17oI66AUgfACvLfSoTsP8+lcLQ=
  
  to-fast-properties@^2.0.0:
    version "2.0.0"
    resolved "https://registry.npmmirror.com/to-fast-properties/download/to-fast-properties-2.0.0.tgz"
    integrity sha1-3F5pjL0HkmW8c+A3doGk5Og/YW4=
  
  to-regex-range@^5.0.1:
    version "5.0.1"
    resolved "https://registry.npmmirror.com/to-regex-range/download/to-regex-range-5.0.1.tgz"
    integrity sha1-FkjESq58jZiKMmAY7XL1tN0DkuQ=
    dependencies:
      is-number "^7.0.0"
  
  token-stream@1.0.0:
    version "1.0.0"
    resolved "https://registry.npmmirror.com/token-stream/download/token-stream-1.0.0.tgz"
    integrity sha1-zCAOqyYT9BZtJ/+a/HylbUnfbrQ=
  
  type-check@^0.4.0, type-check@~0.4.0:
    version "0.4.0"
    resolved "https://registry.npmmirror.com/type-check/download/type-check-0.4.0.tgz"
    integrity sha1-B7ggO/pwVsBlcFDjzNLDdzC6uPE=
    dependencies:
      prelude-ls "^1.2.1"
  
  type-fest@^0.20.2:
    version "0.20.2"
    resolved "https://registry.npmmirror.com/type-fest/download/type-fest-0.20.2.tgz"
    integrity sha1-G/IH9LKPkVg2ZstfvTJ4hzAc1fQ=
  
  typescript@^4.4.3:
    version "4.5.2"
    resolved "https://registry.npmmirror.com/typescript/download/typescript-4.5.2.tgz"
    integrity sha512-5BlMof9H1yGt0P8/WF+wPNw6GfctgGjXp5hkblpyT+8rkASSmkUKMXrxR0Xg8ThVCi/JnHQiKXeBaEwCeQwMFw==
  
  unplugin-vue-components@^0.17.2:
    version "0.17.2"
    resolved "https://registry.npmmirror.com/unplugin-vue-components/download/unplugin-vue-components-0.17.2.tgz"
    integrity sha1-235mn6w8w2uHugVvY+LqpHp/G5s=
    dependencies:
      "@antfu/utils" "^0.3.0"
      "@rollup/pluginutils" "^4.1.1"
      chokidar "^3.5.2"
      debug "^4.3.2"
      fast-glob "^3.2.7"
      local-pkg "^0.1.0"
      magic-string "^0.25.7"
      minimatch "^3.0.4"
      resolve "^1.20.0"
      unplugin "^0.2.13"
  
  unplugin@^0.2.13:
    version "0.2.21"
    resolved "https://registry.npmmirror.com/unplugin/download/unplugin-0.2.21.tgz"
    integrity sha512-IJ15/L5XbhnV7J09Zjk0FT5HEkBjkXucWAXQWRsmEtUxmmxwh23yavrmDbCF6ZPxWiVB28+wnKIHePTRRpQPbQ==
    dependencies:
      webpack-virtual-modules "^0.4.3"
  
  upath@^2.0.1:
    version "2.0.1"
    resolved "https://registry.npmmirror.com/upath/download/upath-2.0.1.tgz"
    integrity sha1-UMc96mjW9rmQ9R0nnOYIFmXWGos=
  
  uri-js@^4.2.2:
    version "4.4.1"
    resolved "https://registry.npmmirror.com/uri-js/download/uri-js-4.4.1.tgz"
    integrity sha1-mxpSWVIlhZ5V9mnZKPiMbFfyp34=
    dependencies:
      punycode "^2.1.0"
  
  v8-compile-cache@^2.0.3:
    version "2.3.0"
    resolved "https://registry.npmmirror.com/v8-compile-cache/download/v8-compile-cache-2.3.0.tgz"
    integrity sha1-LeGWGMZtwkfc+2+ZM4A12CRaLO4=
  
  vite@^2.6.4:
    version "2.6.14"
    resolved "https://registry.npmmirror.com/vite/download/vite-2.6.14.tgz"
    integrity sha512-2HA9xGyi+EhY2MXo0+A2dRsqsAG3eFNEVIo12olkWhOmc8LfiM+eMdrXf+Ruje9gdXgvSqjLI9freec1RUM5EA==
    dependencies:
      esbuild "^0.13.2"
      postcss "^8.3.8"
      resolve "^1.20.0"
      rollup "^2.57.0"
    optionalDependencies:
      fsevents "~2.3.2"
  
  void-elements@^3.1.0:
    version "3.1.0"
    resolved "https://registry.npmmirror.com/void-elements/download/void-elements-3.1.0.tgz"
    integrity sha1-YU9/v42AHwu18GYfWy9XhXUOTwk=
  
  vscode-css-languageservice@^5.1.4:
    version "5.1.8"
    resolved "https://registry.npmmirror.com/vscode-css-languageservice/download/vscode-css-languageservice-5.1.8.tgz"
    integrity sha1-Nss4l4j/wtXmYw/8hOVe44+KIzg=
    dependencies:
      vscode-languageserver-textdocument "^1.0.1"
      vscode-languageserver-types "^3.16.0"
      vscode-nls "^5.0.0"
      vscode-uri "^3.0.2"
  
  vscode-html-languageservice@^4.0.7:
    version "4.1.1"
    resolved "https://registry.npmmirror.com/vscode-html-languageservice/download/vscode-html-languageservice-4.1.1.tgz"
    integrity sha1-k3Ocnz0MEsgkm60j9QBYUMKJ7Dg=
    dependencies:
      vscode-languageserver-textdocument "^1.0.1"
      vscode-languageserver-types "^3.16.0"
      vscode-nls "^5.0.0"
      vscode-uri "^3.0.2"
  
  vscode-json-languageservice@^4.1.7:
    version "4.1.10"
    resolved "https://registry.npmmirror.com/vscode-json-languageservice/download/vscode-json-languageservice-4.1.10.tgz"
    integrity sha512-IHliMEEYSY0tJjJt0ECb8ESx/nRXpoy9kN42WVQXgaqGyizFAf3jibSiezDQTrrY7f3kywXggCU+kkJEM+OLZQ==
    dependencies:
      jsonc-parser "^3.0.0"
      vscode-languageserver-textdocument "^1.0.1"
      vscode-languageserver-types "^3.16.0"
      vscode-nls "^5.0.0"
      vscode-uri "^3.0.2"
  
  vscode-jsonrpc@8.0.0-next.4, vscode-jsonrpc@^8.0.0-next.2:
    version "8.0.0-next.4"
    resolved "https://registry.npmmirror.com/vscode-jsonrpc/download/vscode-jsonrpc-8.0.0-next.4.tgz"
    integrity sha512-i+wvza5Wd0YV/t9qhnS8I+dJdhJ1fHIhRW4f262rXXM9Mgts5VZhYrRZufGcai4y99RlbZvwaZhplQ6diRXkaA==
  
  vscode-languageserver-protocol@3.17.0-next.11:
    version "3.17.0-next.11"
    resolved "https://registry.npmmirror.com/vscode-languageserver-protocol/download/vscode-languageserver-protocol-3.17.0-next.11.tgz"
    integrity sha512-9FqHT7XvM6tWFsnLvRfuQA7Zh7wZZYAwA9dK85lYthA8M1aXpXEP9drXVvO/Fe03MUeJpKVf2e4/NvDaFUnttg==
    dependencies:
      vscode-jsonrpc "8.0.0-next.4"
      vscode-languageserver-types "3.17.0-next.5"
  
  vscode-languageserver-textdocument@^1.0.1:
    version "1.0.3"
    resolved "https://registry.npmmirror.com/vscode-languageserver-textdocument/download/vscode-languageserver-textdocument-1.0.3.tgz"
    integrity sha512-ynEGytvgTb6HVSUwPJIAZgiHQmPCx8bZ8w5um5Lz+q5DjP0Zj8wTFhQpyg8xaMvefDytw2+HH5yzqS+FhsR28A==
  
  vscode-languageserver-types@3.17.0-next.5:
    version "3.17.0-next.5"
    resolved "https://registry.npmmirror.com/vscode-languageserver-types/download/vscode-languageserver-types-3.17.0-next.5.tgz"
    integrity sha512-Zcfaw8BznhlJWB09LDR0dscXyxn9+liREqJnPF4pigeUCHwKxYapYqizwuCpMHQ/oLYiAvKwU+f28hPleYu7pA==
  
  vscode-languageserver-types@^3.15.1, vscode-languageserver-types@^3.16.0:
    version "3.16.0"
    resolved "https://registry.npmmirror.com/vscode-languageserver-types/download/vscode-languageserver-types-3.16.0.tgz"
    integrity sha1-7POT/BIexpdLLaPvsxVWRMUU4kc=
  
  vscode-languageserver@^8.0.0-next.2:
    version "8.0.0-next.5"
    resolved "https://registry.npmmirror.com/vscode-languageserver/download/vscode-languageserver-8.0.0-next.5.tgz"
    integrity sha512-3E2W0eWtGKb6QAJqspOnD0thrBRRo8IGUMV5jpDNMcMKvmtkcxMwsBh0VxdvuWaZ51PiNyR4L+B+GUvkYsyFEg==
    dependencies:
      vscode-languageserver-protocol "3.17.0-next.11"
  
  vscode-nls@^5.0.0:
    version "5.0.0"
    resolved "https://registry.npmmirror.com/vscode-nls/download/vscode-nls-5.0.0.tgz"
    integrity sha1-mfDaC9nqfNpE5WWnTFSx8rwleEA=
  
  vscode-pug-languageservice@^0.27.24:
    version "0.27.24"
    resolved "https://registry.npmmirror.com/vscode-pug-languageservice/download/vscode-pug-languageservice-0.27.24.tgz"
    integrity sha1-+oBcTT4z3uNoHmYKB2cTZzjmg3A=
    dependencies:
      "@volar/code-gen" "^0.27.24"
      "@volar/shared" "^0.27.24"
      "@volar/source-map" "^0.27.24"
      "@volar/transforms" "^0.27.24"
      pug-lexer "^5.0.1"
      pug-parser "^6.0.0"
      vscode-languageserver "^8.0.0-next.2"
  
  vscode-typescript-languageservice@^0.27.25:
    version "0.27.25"
    resolved "https://registry.npmmirror.com/vscode-typescript-languageservice/download/vscode-typescript-languageservice-0.27.25.tgz"
    integrity sha1-rNIRcjtgAQjCVRU4i3XVXOFbsFY=
    dependencies:
      "@volar/shared" "^0.27.24"
      semver "^7.3.5"
      upath "^2.0.1"
      vscode-languageserver "^8.0.0-next.2"
      vscode-languageserver-textdocument "^1.0.1"
  
  vscode-uri@^2.1.2:
    version "2.1.2"
    resolved "https://registry.npmmirror.com/vscode-uri/download/vscode-uri-2.1.2.tgz"
    integrity sha1-yNQN6T61evMfPHFd1lDiyiwJbxw=
  
  vscode-uri@^3.0.2:
    version "3.0.2"
    resolved "https://registry.npmmirror.com/vscode-uri/download/vscode-uri-3.0.2.tgz"
    integrity sha1-7P0dBmy470w6II3s26uajCPQVdA=
  
  vscode-vue-languageservice@^0.27.0:
    version "0.27.30"
    resolved "https://registry.npmmirror.com/vscode-vue-languageservice/download/vscode-vue-languageservice-0.27.30.tgz"
    integrity sha1-HzKwID3SM1gvdKRXQoUZpjGPA54=
    dependencies:
      "@volar/code-gen" "^0.27.24"
      "@volar/html2pug" "^0.27.13"
      "@volar/shared" "^0.27.24"
      "@volar/source-map" "^0.27.24"
      "@volar/transforms" "^0.27.24"
      "@vscode/emmet-helper" "^2.7.0"
      "@vue/compiler-dom" "^3.2.19"
      "@vue/reactivity" "^3.2.19"
      "@vue/shared" "^3.2.19"
      request-light "^0.5.4"
      upath "^2.0.1"
      vscode-css-languageservice "^5.1.4"
      vscode-html-languageservice "^4.0.7"
      vscode-json-languageservice "^4.1.7"
      vscode-languageserver "^8.0.0-next.2"
      vscode-languageserver-textdocument "^1.0.1"
      vscode-pug-languageservice "^0.27.24"
      vscode-typescript-languageservice "^0.27.25"
  
  vue-demi@*:
    version "0.12.1"
    resolved "https://registry.npmmirror.com/vue-demi/download/vue-demi-0.12.1.tgz"
    integrity sha1-9+GO++z/0RqwadFHLXoG4xm0F0w=
  
  vue-router@4:
    version "4.0.12"
    resolved "https://registry.npmmirror.com/vue-router/download/vue-router-4.0.12.tgz"
    integrity sha1-jceSzd9bsavMOQj5BkE23n4TxGA=
    dependencies:
      "@vue/devtools-api" "^6.0.0-beta.18"
  
  vue-tsc@^0.3.0:
    version "0.3.0"
    resolved "https://registry.npmmirror.com/vue-tsc/download/vue-tsc-0.3.0.tgz"
    integrity sha1-Ozhyv08dLkQJtXrb2CYDLiU9tAY=
    dependencies:
      vscode-vue-languageservice "^0.27.0"
  
  vue@^3.2.16:
    version "3.2.23"
    resolved "https://registry.npmmirror.com/vue/download/vue-3.2.23.tgz"
    integrity sha512-MGp9JZC37lzGhwSu6c1tQxrQbXbw7XKFqtYh7SFwNrNK899FPxGAHwSHMZijMChTSC3uZrD2BGO/3EHOgMJ0cw==
    dependencies:
      "@vue/compiler-dom" "3.2.23"
      "@vue/compiler-sfc" "3.2.23"
      "@vue/runtime-dom" "3.2.23"
      "@vue/server-renderer" "3.2.23"
      "@vue/shared" "3.2.23"
  
  webpack-virtual-modules@^0.4.3:
    version "0.4.3"
    resolved "https://registry.npmmirror.com/webpack-virtual-modules/download/webpack-virtual-modules-0.4.3.tgz"
    integrity sha1-zVl8bVHVpey0c+6hmDpY+ooX3tk=
  
  which@^2.0.1:
    version "2.0.2"
    resolved "https://registry.npmmirror.com/which/download/which-2.0.2.tgz"
    integrity sha1-fGqN0KY2oDJ+ELWckobu6T8/UbE=
    dependencies:
      isexe "^2.0.0"
  
  with@^7.0.0:
    version "7.0.2"
    resolved "https://registry.npmmirror.com/with/download/with-7.0.2.tgz"
    integrity sha1-zO461ULSVTinp6gKrSErmChJW6w=
    dependencies:
      "@babel/parser" "^7.9.6"
      "@babel/types" "^7.9.6"
      assert-never "^1.2.1"
      babel-walk "3.0.0-canary-5"
  
  word-wrap@^1.2.3:
    version "1.2.3"
    resolved "https://registry.npmmirror.com/word-wrap/download/word-wrap-1.2.3.tgz"
    integrity sha1-YQY29rH3A4kb00dxzLF/uTtHB5w=
  
  wrappy@1:
    version "1.0.2"
    resolved "https://registry.npmmirror.com/wrappy/download/wrappy-1.0.2.tgz"
    integrity sha1-tSQ9jz7BqjXxNkYFvA0QNuMKtp8=
  
  yallist@^4.0.0:
    version "4.0.0"
    resolved "https://registry.npmmirror.com/yallist/download/yallist-4.0.0.tgz"
    integrity sha1-m7knkNnA7/7GO+c1GeEaNQGaOnI=
